Using pre-set license
Built from '2020.3/staging' branch; Version is '2020.3.5f1 (8095aa901b9b) revision 8426922'; Using compiler version '192528614'; Build Type 'Release'
OS: 'Windows 10 Pro; OS build 18362.418; Version 1903; 64bit' Language: 'ja' Physical Memory: 16245 MB
BatchMode: 1, IsHumanControllingUs: 0, StartBugReporterOnCrash: 0, Is64bit: 1, IsPro: 0

 COMMAND LINE ARGUMENTS:
C:\Program Files\Unity\Hub\Editor\2020.3.5f1\Editor\Unity.exe
-adb2
-batchMode
-noUpm
-name
AssetImportWorker0
-projectPath
D:/Roll-a-Ball1
-logFile
Logs/AssetImportWorker0.log
-srvPort
53351
Successfully changed project path to: D:/Roll-a-Ball1
D:/Roll-a-Ball1
Using Asset Import Pipeline V2.
Refreshing native plugins compatible for Editor in 23.68 ms, found 0 plugins.
Preloading 0 native plugins for Editor in 0.00 ms.
Initialize engine version: 2020.3.5f1 (8095aa901b9b)
[Subsystems] Discovering subsystems at path C:/Program Files/Unity/Hub/Editor/2020.3.5f1/Editor/Data/Resources/UnitySubsystems
[Subsystems] Discovering subsystems at path D:/Roll-a-Ball1/Assets
GfxDevice: creating device client; threaded=0
Direct3D:
    Version:  Direct3D 11.0 [level 11.1]
    Renderer: NVIDIA GeForce RTX 2060 (ID=0x1f08)
    Vendor:   
    VRAM:     5980 MB
    Driver:   26.21.14.4106
Initialize mono
Mono path[0] = 'C:/Program Files/Unity/Hub/Editor/2020.3.5f1/Editor/Data/Managed'
Mono path[1] = 'C:/Program Files/Unity/Hub/Editor/2020.3.5f1/Editor/Data/MonoBleedingEdge/lib/mono/unityjit'
Mono config path = 'C:/Program Files/Unity/Hub/Editor/2020.3.5f1/Editor/Data/MonoBleedingEdge/etc'
Using monoOptions --debugger-agent=transport=dt_socket,embedding=1,server=y,suspend=n,address=127.0.0.1:56704
Begin MonoManager ReloadAssembly
Registering precompiled unity dll's ...
Register platform support module: C:/Program Files/Unity/Hub/Editor/2020.3.5f1/Editor/Data/PlaybackEngines/WebGLSupport/UnityEditor.WebGL.Extensions.dll
Register platform support module: C:/Program Files/Unity/Hub/Editor/2020.3.5f1/Editor/Data/PlaybackEngines/WindowsStandaloneSupport/UnityEditor.WindowsStandalone.Extensions.dll
Registered in 0.001706 seconds.
Native extension for WindowsStandalone target not found
Native extension for WebGL target not found
Refreshing native plugins compatible for Editor in 23.40 ms, found 0 plugins.
Preloading 0 native plugins for Editor in 0.00 ms.
Mono: successfully reloaded assembly
- Completed reload, in  0.836 seconds
Platform modules already initialized, skipping
Registering precompiled user dll's ...
Registered in 0.000878 seconds.
Begin MonoManager ReloadAssembly
Native extension for WindowsStandalone target not found
Native extension for WebGL target not found
Refreshing native plugins compatible for Editor in 0.22 ms, found 0 plugins.
Preloading 0 native plugins for Editor in 0.00 ms.
Mono: successfully reloaded assembly
- Completed reload, in  0.713 seconds
Platform modules already initialized, skipping
========================================================================
Worker process is ready to serve import requests
Launched and connected shader compiler UnityShaderCompiler.exe after 0.04 seconds
Refreshing native plugins compatible for Editor in 0.28 ms, found 0 plugins.
Preloading 0 native plugins for Editor in 0.00 ms.
Unloading 1498 Unused Serialized files (Serialized files now loaded: 0)
System memory in use before: 74.6 MB.
System memory in use after: 74.7 MB.

Unloading 10 unused Assets to reduce memory usage. Loaded Objects now: 1942.
Total: 1.678200 ms (FindLiveObjects: 0.141200 ms CreateObjectMapping: 0.066300 ms MarkObjects: 1.361200 ms  DeleteObjects: 0.108900 ms)

========================================================================
Received Import Request.
  path: Assets/Enemy.cs
  artifactKey: Guid(d97e4be8f809a7a46af96e95cf987f07) Importer(815301076,1909f56bfc062723c751e8b465ee728b)
Start importing Assets/Enemy.cs using Guid(d97e4be8f809a7a46af96e95cf987f07) Importer(815301076,1909f56bfc062723c751e8b465ee728b)  -> (artifact id: '6a01312f23312f6979d9a47edfd14535') in 0.035672 seconds
  Import took 0.085392 seconds .

========================================================================
Received Prepare
Registering precompiled user dll's ...
Registered in 0.000915 seconds.
Begin MonoManager ReloadAssembly
Native extension for WindowsStandalone target not found
Native extension for WebGL target not found
Refreshing native plugins compatible for Editor in 0.23 ms, found 0 plugins.
Preloading 0 native plugins for Editor in 0.00 ms.
Mono: successfully reloaded assembly
- Completed reload, in  0.657 seconds
Platform modules already initialized, skipping
Refreshing native plugins compatible for Editor in 0.23 ms, found 0 plugins.
Preloading 0 native plugins for Editor in 0.00 ms.
Unloading 1457 Unused Serialized files (Serialized files now loaded: 0)
System memory in use before: 71.0 MB.
System memory in use after: 71.1 MB.

Unloading 5 unused Assets to reduce memory usage. Loaded Objects now: 1945.
Total: 1.664800 ms (FindLiveObjects: 0.148300 ms CreateObjectMapping: 0.037100 ms MarkObjects: 1.392500 ms  DeleteObjects: 0.086300 ms)

========================================================================
Received Prepare
Registering precompiled user dll's ...
Registered in 0.000861 seconds.
Begin MonoManager ReloadAssembly
Native extension for WindowsStandalone target not found
Native extension for WebGL target not found
Refreshing native plugins compatible for Editor in 0.23 ms, found 0 plugins.
Preloading 0 native plugins for Editor in 0.00 ms.
Mono: successfully reloaded assembly
- Completed reload, in  0.648 seconds
Platform modules already initialized, skipping
Refreshing native plugins compatible for Editor in 0.23 ms, found 0 plugins.
Preloading 0 native plugins for Editor in 0.00 ms.
Unloading 1457 Unused Serialized files (Serialized files now loaded: 0)
System memory in use before: 71.0 MB.
System memory in use after: 71.1 MB.

Unloading 5 unused Assets to reduce memory usage. Loaded Objects now: 1948.
Total: 4.944500 ms (FindLiveObjects: 0.372100 ms CreateObjectMapping: 0.156500 ms MarkObjects: 4.254800 ms  DeleteObjects: 0.157500 ms)

========================================================================
Received Import Request.
  Time since last request: 414.560906 seconds.
  path: Assets/Enemy.cs
  artifactKey: Guid(d97e4be8f809a7a46af96e95cf987f07) Importer(815301076,1909f56bfc062723c751e8b465ee728b)
Start importing Assets/Enemy.cs using Guid(d97e4be8f809a7a46af96e95cf987f07) Importer(815301076,1909f56bfc062723c751e8b465ee728b)  -> (artifact id: 'af5de15b5652ea9727d6fbefe86832e2') in 0.012902 seconds
  Import took 0.018748 seconds .

========================================================================
Received Prepare
Registering precompiled user dll's ...
Registered in 0.000941 seconds.
Begin MonoManager ReloadAssembly
Native extension for WindowsStandalone target not found
Native extension for WebGL target not found
Refreshing native plugins compatible for Editor in 0.24 ms, found 0 plugins.
Preloading 0 native plugins for Editor in 0.00 ms.
Mono: successfully reloaded assembly
- Completed reload, in  0.644 seconds
Platform modules already initialized, skipping
Refreshing native plugins compatible for Editor in 0.24 ms, found 0 plugins.
Preloading 0 native plugins for Editor in 0.00 ms.
Unloading 1457 Unused Serialized files (Serialized files now loaded: 0)
System memory in use before: 71.1 MB.
System memory in use after: 71.1 MB.

Unloading 5 unused Assets to reduce memory usage. Loaded Objects now: 1951.
Total: 1.675700 ms (FindLiveObjects: 0.177500 ms CreateObjectMapping: 0.038300 ms MarkObjects: 1.407800 ms  DeleteObjects: 0.051400 ms)

========================================================================
Received Prepare
Registering precompiled user dll's ...
Registered in 0.000802 seconds.
Begin MonoManager ReloadAssembly
Native extension for WindowsStandalone target not found
Native extension for WebGL target not found
Refreshing native plugins compatible for Editor in 0.23 ms, found 0 plugins.
Preloading 0 native plugins for Editor in 0.00 ms.
Mono: successfully reloaded assembly
- Completed reload, in  0.644 seconds
Platform modules already initialized, skipping
Refreshing native plugins compatible for Editor in 0.24 ms, found 0 plugins.
Preloading 0 native plugins for Editor in 0.00 ms.
Unloading 1457 Unused Serialized files (Serialized files now loaded: 0)
System memory in use before: 71.1 MB.
System memory in use after: 71.2 MB.

Unloading 5 unused Assets to reduce memory usage. Loaded Objects now: 1954.
Total: 1.328900 ms (FindLiveObjects: 0.122900 ms CreateObjectMapping: 0.040200 ms MarkObjects: 1.118100 ms  DeleteObjects: 0.046600 ms)

========================================================================
Received Prepare
Registering precompiled user dll's ...
Registered in 0.000882 seconds.
Begin MonoManager ReloadAssembly
Native extension for WindowsStandalone target not found
Native extension for WebGL target not found
Refreshing native plugins compatible for Editor in 0.22 ms, found 0 plugins.
Preloading 0 native plugins for Editor in 0.00 ms.
Mono: successfully reloaded assembly
- Completed reload, in  0.641 seconds
Platform modules already initialized, skipping
Refreshing native plugins compatible for Editor in 0.23 ms, found 0 plugins.
Preloading 0 native plugins for Editor in 0.00 ms.
Unloading 1457 Unused Serialized files (Serialized files now loaded: 0)
System memory in use before: 71.1 MB.
System memory in use after: 71.2 MB.

Unloading 5 unused Assets to reduce memory usage. Loaded Objects now: 1957.
Total: 1.456100 ms (FindLiveObjects: 0.124500 ms CreateObjectMapping: 0.039800 ms MarkObjects: 1.242800 ms  DeleteObjects: 0.048200 ms)

========================================================================
Received Import Request.
  Time since last request: 1341.945031 seconds.
  path: Assets/Sound
  artifactKey: Guid(03aa30a9e2e407349b03d5e34753b186) Importer(815301076,1909f56bfc062723c751e8b465ee728b)
Start importing Assets/Sound using Guid(03aa30a9e2e407349b03d5e34753b186) Importer(815301076,1909f56bfc062723c751e8b465ee728b)  -> (artifact id: '38eaf5f9e8fa384a27e87c38d6e90e13') in 0.007985 seconds
  Import took 0.010446 seconds .

========================================================================
Received Import Request.
  Time since last request: 14.606320 seconds.
  path: Assets/Sound/BGM
  artifactKey: Guid(71d4531a6c11039438904ae6b02b8c19) Importer(815301076,1909f56bfc062723c751e8b465ee728b)
Start importing Assets/Sound/BGM using Guid(71d4531a6c11039438904ae6b02b8c19) Importer(815301076,1909f56bfc062723c751e8b465ee728b)  -> (artifact id: 'a567d66dbd5e43b211bbe5ad6d645d34') in 0.010579 seconds
  Import took 0.013114 seconds .

========================================================================
Received Import Request.
  Time since last request: 5.289365 seconds.
  path: Assets/Sound/SE
  artifactKey: Guid(db72ac16986c4824b88a2dd1e9c68cf8) Importer(815301076,1909f56bfc062723c751e8b465ee728b)
Start importing Assets/Sound/SE using Guid(db72ac16986c4824b88a2dd1e9c68cf8) Importer(815301076,1909f56bfc062723c751e8b465ee728b)  -> (artifact id: '4b7f4a1acbfe37b2aa2c61ffaaeee301') in 0.114906 seconds
  Import took 0.117021 seconds .

========================================================================
Received Import Request.
  Time since last request: 52.596696 seconds.
  path: Assets/CasualGameBGM05/BGM_01.wav
  artifactKey: Guid(475f4837af487ce4a9e68bb227455e4c) Importer(815301076,1909f56bfc062723c751e8b465ee728b)
Start importing Assets/CasualGameBGM05/BGM_01.wav using Guid(475f4837af487ce4a9e68bb227455e4c) Importer(815301076,1909f56bfc062723c751e8b465ee728b)  -> (artifact id: 'fb8962faa1b98de697d99c9a934717db') in 0.109759 seconds
  Import took 0.111703 seconds .

========================================================================
Received Import Request.
  Time since last request: 1.681353 seconds.
  path: Assets/CasualGameBGM05/BGM_04.wav
  artifactKey: Guid(1532c7e67c2d60c4c8780da14b7e8fcf) Importer(815301076,1909f56bfc062723c751e8b465ee728b)
Start importing Assets/CasualGameBGM05/BGM_04.wav using Guid(1532c7e67c2d60c4c8780da14b7e8fcf) Importer(815301076,1909f56bfc062723c751e8b465ee728b)  -> (artifact id: 'ea1e98557679a571a10bfb491b77f4b9') in 0.012904 seconds
  Import took 0.015302 seconds .

========================================================================
Received Import Request.
  Time since last request: 4.370507 seconds.
  path: Assets/Free-Retro-Music&SE/Adventure Theme-Loop.wav
  artifactKey: Guid(64cbb266466d1c44fb542e0745a6ba0f) Importer(815301076,1909f56bfc062723c751e8b465ee728b)
Start importing Assets/Free-Retro-Music&SE/Adventure Theme-Loop.wav using Guid(64cbb266466d1c44fb542e0745a6ba0f) Importer(815301076,1909f56bfc062723c751e8b465ee728b)  -> (artifact id: 'f3fcaaedb643e6e4c40dd1b187e21391') in 0.025188 seconds
  Import took 0.027480 seconds .

========================================================================
Received Import Request.
  Time since last request: 0.957621 seconds.
  path: Assets/Free-Retro-Music&SE/SE-Bomb.wav
  artifactKey: Guid(accb6b71742b99746b459d7f4cff8ba9) Importer(815301076,1909f56bfc062723c751e8b465ee728b)
Start importing Assets/Free-Retro-Music&SE/SE-Bomb.wav using Guid(accb6b71742b99746b459d7f4cff8ba9) Importer(815301076,1909f56bfc062723c751e8b465ee728b)  -> (artifact id: '29f2a6875cd7580803a637bbb83d0dfa') in 0.021382 seconds
  Import took 0.023814 seconds .

========================================================================
Received Import Request.
  Time since last request: 1.211652 seconds.
  path: Assets/Free-Retro-Music&SE/SE-Jump.wav
  artifactKey: Guid(15cc3253f4a084645bc357c894da7ffe) Importer(815301076,1909f56bfc062723c751e8b465ee728b)
Start importing Assets/Free-Retro-Music&SE/SE-Jump.wav using Guid(15cc3253f4a084645bc357c894da7ffe) Importer(815301076,1909f56bfc062723c751e8b465ee728b)  -> (artifact id: '7c8ad30b1ed67486f43db5c60f81b40b') in 0.009887 seconds
  Import took 0.012042 seconds .

========================================================================
Received Import Request.
  Time since last request: 7.312009 seconds.
  path: Assets/CasualGameBGM05/ReadMe.txt
  artifactKey: Guid(5593193911884654282cc509bf3dba04) Importer(815301076,1909f56bfc062723c751e8b465ee728b)
Start importing Assets/CasualGameBGM05/ReadMe.txt using Guid(5593193911884654282cc509bf3dba04) Importer(815301076,1909f56bfc062723c751e8b465ee728b)  -> (artifact id: 'f7b5dadc622e229cd61e4c51cceeb77e') in 0.111754 seconds
  Import took 0.117192 seconds .

========================================================================
Received Import Request.
  Time since last request: 25.349211 seconds.
  path: Assets/CasualGameBGM05/BGM_02.wav
  artifactKey: Guid(90eae78e8ce85a849b5b0ca11b2de641) Importer(815301076,1909f56bfc062723c751e8b465ee728b)
Start importing Assets/CasualGameBGM05/BGM_02.wav using Guid(90eae78e8ce85a849b5b0ca11b2de641) Importer(815301076,1909f56bfc062723c751e8b465ee728b)  -> (artifact id: '4a2815ef4d82057c2bed7c1139a17e86') in 0.011244 seconds
  Import took 0.013420 seconds .

========================================================================
Received Import Request.
  Time since last request: 0.000635 seconds.
  path: Assets/CasualGameBGM05/BGM_02.wav
  artifactKey: Guid(90eae78e8ce85a849b5b0ca11b2de641) Importer(815301076,1909f56bfc062723c751e8b465ee728b)
Start importing Assets/CasualGameBGM05/BGM_02.wav using Guid(90eae78e8ce85a849b5b0ca11b2de641) Importer(815301076,1909f56bfc062723c751e8b465ee728b)  -> (artifact id: '4a2815ef4d82057c2bed7c1139a17e86') in 0.013117 seconds
  Import took 0.015299 seconds .

========================================================================
Received Import Request.
  Time since last request: 24.160658 seconds.
  path: Assets/Sound/BGM/Roll-a-Ball1-BGM.wav
  artifactKey: Guid(475f4837af487ce4a9e68bb227455e4c) Importer(815301076,1909f56bfc062723c751e8b465ee728b)
Start importing Assets/Sound/BGM/Roll-a-Ball1-BGM.wav using Guid(475f4837af487ce4a9e68bb227455e4c) Importer(815301076,1909f56bfc062723c751e8b465ee728b)  -> (artifact id: '69724f0b0ffd0da4b002aa100bc60401') in 0.020334 seconds
  Import took 0.022464 seconds .

========================================================================
Received Import Request.
  Time since last request: 40.319749 seconds.
  path: Assets/Sound/SE/PickUpItemGetSE.wav
  artifactKey: Guid(accb6b71742b99746b459d7f4cff8ba9) Importer(815301076,1909f56bfc062723c751e8b465ee728b)
Start importing Assets/Sound/SE/PickUpItemGetSE.wav using Guid(accb6b71742b99746b459d7f4cff8ba9) Importer(815301076,1909f56bfc062723c751e8b465ee728b)  -> (artifact id: 'be13ec0f33cbe124d2fe00e8eba17f50') in 0.011524 seconds
  Import took 0.013510 seconds .

========================================================================
Received Import Request.
  Time since last request: 39.081767 seconds.
  path: Assets/BGMSoundManager.cs
  artifactKey: Guid(8a86dfba54605b6428d47d13953d9a76) Importer(815301076,1909f56bfc062723c751e8b465ee728b)
Start importing Assets/BGMSoundManager.cs using Guid(8a86dfba54605b6428d47d13953d9a76) Importer(815301076,1909f56bfc062723c751e8b465ee728b)  -> (artifact id: 'fbbf7ebfd40ff2d2dbec6812050ef4f0') in 0.004473 seconds
  Import took 0.006843 seconds .

========================================================================
Received Prepare
Registering precompiled user dll's ...
Registered in 0.000974 seconds.
Begin MonoManager ReloadAssembly
Native extension for WindowsStandalone target not found
Native extension for WebGL target not found
Refreshing native plugins compatible for Editor in 0.23 ms, found 0 plugins.
Preloading 0 native plugins for Editor in 0.00 ms.
Mono: successfully reloaded assembly
- Completed reload, in  0.645 seconds
Platform modules already initialized, skipping
Refreshing native plugins compatible for Editor in 0.23 ms, found 0 plugins.
Preloading 0 native plugins for Editor in 0.00 ms.
Unloading 1458 Unused Serialized files (Serialized files now loaded: 0)
System memory in use before: 74.3 MB.
System memory in use after: 74.3 MB.

Unloading 5 unused Assets to reduce memory usage. Loaded Objects now: 1970.
Total: 1.324900 ms (FindLiveObjects: 0.116100 ms CreateObjectMapping: 0.037100 ms MarkObjects: 1.128900 ms  DeleteObjects: 0.042300 ms)

========================================================================
Received Import Request.
  Time since last request: 11.987192 seconds.
  path: Assets/SESoundManager.cs
  artifactKey: Guid(13e9ba9851df2944e9f179bf79705c4d) Importer(815301076,1909f56bfc062723c751e8b465ee728b)
Start importing Assets/SESoundManager.cs using Guid(13e9ba9851df2944e9f179bf79705c4d) Importer(815301076,1909f56bfc062723c751e8b465ee728b)  -> (artifact id: '0543922f9774f4601068c43cd0adfe96') in 0.005052 seconds
  Import took 0.007293 seconds .

========================================================================
Received Prepare
Registering precompiled user dll's ...
Registered in 0.000744 seconds.
Begin MonoManager ReloadAssembly
Native extension for WindowsStandalone target not found
Native extension for WebGL target not found
Refreshing native plugins compatible for Editor in 0.22 ms, found 0 plugins.
Preloading 0 native plugins for Editor in 0.00 ms.
Mono: successfully reloaded assembly
- Completed reload, in  0.625 seconds
Platform modules already initialized, skipping
Refreshing native plugins compatible for Editor in 0.23 ms, found 0 plugins.
Preloading 0 native plugins for Editor in 0.00 ms.
Unloading 1459 Unused Serialized files (Serialized files now loaded: 0)
System memory in use before: 74.3 MB.
System memory in use after: 74.4 MB.

Unloading 5 unused Assets to reduce memory usage. Loaded Objects now: 1974.
Total: 3.963900 ms (FindLiveObjects: 0.313900 ms CreateObjectMapping: 0.124300 ms MarkObjects: 3.399000 ms  DeleteObjects: 0.124800 ms)

========================================================================
Received Prepare
Registering precompiled user dll's ...
Registered in 0.000970 seconds.
Begin MonoManager ReloadAssembly
Native extension for WindowsStandalone target not found
Native extension for WebGL target not found
Refreshing native plugins compatible for Editor in 0.22 ms, found 0 plugins.
Preloading 0 native plugins for Editor in 0.00 ms.
Mono: successfully reloaded assembly
- Completed reload, in  0.632 seconds
Platform modules already initialized, skipping
Refreshing native plugins compatible for Editor in 0.23 ms, found 0 plugins.
Preloading 0 native plugins for Editor in 0.00 ms.
Unloading 1459 Unused Serialized files (Serialized files now loaded: 0)
System memory in use before: 74.3 MB.
System memory in use after: 74.4 MB.

Unloading 5 unused Assets to reduce memory usage. Loaded Objects now: 1977.
Total: 4.762900 ms (FindLiveObjects: 0.378200 ms CreateObjectMapping: 0.153500 ms MarkObjects: 4.114900 ms  DeleteObjects: 0.114100 ms)

========================================================================
Received Import Request.
  Time since last request: 195.470009 seconds.
  path: Assets/BGMSoundManager.cs
  artifactKey: Guid(8a86dfba54605b6428d47d13953d9a76) Importer(815301076,1909f56bfc062723c751e8b465ee728b)
Start importing Assets/BGMSoundManager.cs using Guid(8a86dfba54605b6428d47d13953d9a76) Importer(815301076,1909f56bfc062723c751e8b465ee728b)  -> (artifact id: '9ebf2c91dc1ee14543d60ab4283ca4cf') in 0.011163 seconds
  Import took 0.015801 seconds .

========================================================================
Received Prepare
Registering precompiled user dll's ...
Registered in 0.000918 seconds.
Begin MonoManager ReloadAssembly
Native extension for WindowsStandalone target not found
Native extension for WebGL target not found
Refreshing native plugins compatible for Editor in 0.22 ms, found 0 plugins.
Preloading 0 native plugins for Editor in 0.00 ms.
Mono: successfully reloaded assembly
- Completed reload, in  0.634 seconds
Platform modules already initialized, skipping
Refreshing native plugins compatible for Editor in 0.23 ms, found 0 plugins.
Preloading 0 native plugins for Editor in 0.00 ms.
Unloading 1459 Unused Serialized files (Serialized files now loaded: 0)
System memory in use before: 74.3 MB.
System memory in use after: 74.4 MB.

Unloading 5 unused Assets to reduce memory usage. Loaded Objects now: 1980.
Total: 4.949800 ms (FindLiveObjects: 0.369400 ms CreateObjectMapping: 0.150900 ms MarkObjects: 4.312200 ms  DeleteObjects: 0.115400 ms)

========================================================================
Received Import Request.
  Time since last request: 187.883238 seconds.
  path: Assets/SESoundManager.cs
  artifactKey: Guid(13e9ba9851df2944e9f179bf79705c4d) Importer(815301076,1909f56bfc062723c751e8b465ee728b)
Start importing Assets/SESoundManager.cs using Guid(13e9ba9851df2944e9f179bf79705c4d) Importer(815301076,1909f56bfc062723c751e8b465ee728b)  -> (artifact id: 'c6a870b2d9465e42dd604171217d55bf') in 0.012336 seconds
  Import took 0.017927 seconds .

========================================================================
Received Prepare
Registering precompiled user dll's ...
Registered in 0.000990 seconds.
Begin MonoManager ReloadAssembly
Native extension for WindowsStandalone target not found
Native extension for WebGL target not found
Refreshing native plugins compatible for Editor in 0.23 ms, found 0 plugins.
Preloading 0 native plugins for Editor in 0.00 ms.
Mono: successfully reloaded assembly
- Completed reload, in  0.640 seconds
Platform modules already initialized, skipping
Refreshing native plugins compatible for Editor in 0.22 ms, found 0 plugins.
Preloading 0 native plugins for Editor in 0.00 ms.
Unloading 1459 Unused Serialized files (Serialized files now loaded: 0)
System memory in use before: 74.3 MB.
System memory in use after: 74.4 MB.

Unloading 5 unused Assets to reduce memory usage. Loaded Objects now: 1983.
Total: 1.529800 ms (FindLiveObjects: 0.133400 ms CreateObjectMapping: 0.041900 ms MarkObjects: 1.264900 ms  DeleteObjects: 0.088600 ms)

========================================================================
Received Prepare
Registering precompiled user dll's ...
Registered in 0.000871 seconds.
Begin MonoManager ReloadAssembly
Native extension for WindowsStandalone target not found
Native extension for WebGL target not found
Refreshing native plugins compatible for Editor in 0.23 ms, found 0 plugins.
Preloading 0 native plugins for Editor in 0.00 ms.
Mono: successfully reloaded assembly
- Completed reload, in  0.632 seconds
Platform modules already initialized, skipping
Refreshing native plugins compatible for Editor in 0.23 ms, found 0 plugins.
Preloading 0 native plugins for Editor in 0.00 ms.
Unloading 1459 Unused Serialized files (Serialized files now loaded: 0)
System memory in use before: 74.3 MB.
System memory in use after: 74.4 MB.

Unloading 5 unused Assets to reduce memory usage. Loaded Objects now: 1986.
Total: 1.400900 ms (FindLiveObjects: 0.118900 ms CreateObjectMapping: 0.035900 ms MarkObjects: 1.201700 ms  DeleteObjects: 0.043900 ms)

========================================================================
Received Prepare
Registering precompiled user dll's ...
Registered in 0.000854 seconds.
Begin MonoManager ReloadAssembly
Native extension for WindowsStandalone target not found
Native extension for WebGL target not found
Refreshing native plugins compatible for Editor in 0.22 ms, found 0 plugins.
Preloading 0 native plugins for Editor in 0.00 ms.
Mono: successfully reloaded assembly
- Completed reload, in  0.629 seconds
Platform modules already initialized, skipping
Refreshing native plugins compatible for Editor in 0.23 ms, found 0 plugins.
Preloading 0 native plugins for Editor in 0.00 ms.
Unloading 1459 Unused Serialized files (Serialized files now loaded: 0)
System memory in use before: 74.3 MB.
System memory in use after: 74.4 MB.

Unloading 5 unused Assets to reduce memory usage. Loaded Objects now: 1989.
Total: 3.494200 ms (FindLiveObjects: 0.316100 ms CreateObjectMapping: 0.124700 ms MarkObjects: 2.945300 ms  DeleteObjects: 0.105000 ms)

========================================================================
Received Import Request.
  Time since last request: 608.229619 seconds.
  path: Assets/PickUpItem.cs
  artifactKey: Guid(572f9845653596143bda42db03677717) Importer(815301076,1909f56bfc062723c751e8b465ee728b)
Start importing Assets/PickUpItem.cs using Guid(572f9845653596143bda42db03677717) Importer(815301076,1909f56bfc062723c751e8b465ee728b)  -> (artifact id: 'd0a07426fb5e9e2f775c75ad0e795c04') in 0.023045 seconds
  Import took 0.027433 seconds .

========================================================================
Received Import Request.
  Time since last request: 495.642468 seconds.
  path: Assets/PickUpItemSpawner.cs
  artifactKey: Guid(272df6ce7fd8663469ae6abc0a4e158f) Importer(815301076,1909f56bfc062723c751e8b465ee728b)
Start importing Assets/PickUpItemSpawner.cs using Guid(272df6ce7fd8663469ae6abc0a4e158f) Importer(815301076,1909f56bfc062723c751e8b465ee728b)  -> (artifact id: 'c3f2ea3424bc69162d3a64d8fd3a23d7') in 0.005365 seconds
  Import took 0.008030 seconds .

========================================================================
Received Prepare
Registering precompiled user dll's ...
Registered in 0.001191 seconds.
Begin MonoManager ReloadAssembly
Native extension for WindowsStandalone target not found
Native extension for WebGL target not found
Refreshing native plugins compatible for Editor in 0.23 ms, found 0 plugins.
Preloading 0 native plugins for Editor in 0.00 ms.
Mono: successfully reloaded assembly
- Completed reload, in  0.646 seconds
Platform modules already initialized, skipping
Refreshing native plugins compatible for Editor in 0.23 ms, found 0 plugins.
Preloading 0 native plugins for Editor in 0.00 ms.
Unloading 1459 Unused Serialized files (Serialized files now loaded: 0)
System memory in use before: 74.3 MB.
System memory in use after: 74.4 MB.

Unloading 5 unused Assets to reduce memory usage. Loaded Objects now: 1992.
Total: 3.789100 ms (FindLiveObjects: 0.306900 ms CreateObjectMapping: 0.118100 ms MarkObjects: 3.260800 ms  DeleteObjects: 0.100500 ms)

========================================================================
Received Prepare
Registering precompiled user dll's ...
Registered in 0.000901 seconds.
Begin MonoManager ReloadAssembly
Native extension for WindowsStandalone target not found
Native extension for WebGL target not found
Refreshing native plugins compatible for Editor in 0.23 ms, found 0 plugins.
Preloading 0 native plugins for Editor in 0.00 ms.
Mono: successfully reloaded assembly
- Completed reload, in  0.628 seconds
Platform modules already initialized, skipping
Refreshing native plugins compatible for Editor in 0.23 ms, found 0 plugins.
Preloading 0 native plugins for Editor in 0.00 ms.
Unloading 1459 Unused Serialized files (Serialized files now loaded: 0)
System memory in use before: 74.3 MB.
System memory in use after: 74.4 MB.

Unloading 5 unused Assets to reduce memory usage. Loaded Objects now: 1995.
Total: 1.481800 ms (FindLiveObjects: 0.130400 ms CreateObjectMapping: 0.038800 ms MarkObjects: 1.258900 ms  DeleteObjects: 0.053200 ms)

========================================================================
Received Prepare
Registering precompiled user dll's ...
Registered in 0.000969 seconds.
Begin MonoManager ReloadAssembly
Native extension for WindowsStandalone target not found
Native extension for WebGL target not found
Refreshing native plugins compatible for Editor in 0.25 ms, found 0 plugins.
Preloading 0 native plugins for Editor in 0.00 ms.
Mono: successfully reloaded assembly
- Completed reload, in  0.646 seconds
Platform modules already initialized, skipping
Refreshing native plugins compatible for Editor in 0.23 ms, found 0 plugins.
Preloading 0 native plugins for Editor in 0.00 ms.
Unloading 1459 Unused Serialized files (Serialized files now loaded: 0)
System memory in use before: 74.3 MB.
System memory in use after: 74.4 MB.

Unloading 5 unused Assets to reduce memory usage. Loaded Objects now: 1998.
Total: 1.649300 ms (FindLiveObjects: 0.144700 ms CreateObjectMapping: 0.040400 ms MarkObjects: 1.379100 ms  DeleteObjects: 0.084400 ms)

========================================================================
Received Prepare
Registering precompiled user dll's ...
Registered in 0.000926 seconds.
Begin MonoManager ReloadAssembly
Native extension for WindowsStandalone target not found
Native extension for WebGL target not found
Refreshing native plugins compatible for Editor in 0.23 ms, found 0 plugins.
Preloading 0 native plugins for Editor in 0.00 ms.
Mono: successfully reloaded assembly
- Completed reload, in  0.650 seconds
Platform modules already initialized, skipping
Refreshing native plugins compatible for Editor in 0.23 ms, found 0 plugins.
Preloading 0 native plugins for Editor in 0.00 ms.
Unloading 1459 Unused Serialized files (Serialized files now loaded: 0)
System memory in use before: 74.3 MB.
System memory in use after: 74.4 MB.

Unloading 5 unused Assets to reduce memory usage. Loaded Objects now: 2001.
Total: 1.428300 ms (FindLiveObjects: 0.121800 ms CreateObjectMapping: 0.037200 ms MarkObjects: 1.219500 ms  DeleteObjects: 0.048700 ms)

========================================================================
Received Prepare
Registering precompiled user dll's ...
Registered in 0.000915 seconds.
Begin MonoManager ReloadAssembly
Native extension for WindowsStandalone target not found
Native extension for WebGL target not found
Refreshing native plugins compatible for Editor in 0.22 ms, found 0 plugins.
Preloading 0 native plugins for Editor in 0.00 ms.
Mono: successfully reloaded assembly
- Completed reload, in  0.644 seconds
Platform modules already initialized, skipping
Refreshing native plugins compatible for Editor in 0.23 ms, found 0 plugins.
Preloading 0 native plugins for Editor in 0.00 ms.
Unloading 1459 Unused Serialized files (Serialized files now loaded: 0)
System memory in use before: 74.4 MB.
System memory in use after: 74.4 MB.

Unloading 5 unused Assets to reduce memory usage. Loaded Objects now: 2004.
Total: 3.843300 ms (FindLiveObjects: 0.330600 ms CreateObjectMapping: 0.131000 ms MarkObjects: 3.276200 ms  DeleteObjects: 0.102600 ms)

========================================================================
Received Prepare
Registering precompiled user dll's ...
Registered in 0.000975 seconds.
Begin MonoManager ReloadAssembly
Native extension for WindowsStandalone target not found
Native extension for WebGL target not found
Refreshing native plugins compatible for Editor in 0.23 ms, found 0 plugins.
Preloading 0 native plugins for Editor in 0.00 ms.
Mono: successfully reloaded assembly
- Completed reload, in  0.638 seconds
Platform modules already initialized, skipping
Refreshing native plugins compatible for Editor in 0.23 ms, found 0 plugins.
Preloading 0 native plugins for Editor in 0.00 ms.
Unloading 1459 Unused Serialized files (Serialized files now loaded: 0)
System memory in use before: 74.4 MB.
System memory in use after: 74.4 MB.

Unloading 5 unused Assets to reduce memory usage. Loaded Objects now: 2007.
Total: 1.422600 ms (FindLiveObjects: 0.127800 ms CreateObjectMapping: 0.035700 ms MarkObjects: 1.210400 ms  DeleteObjects: 0.047800 ms)

========================================================================
Received Import Request.
  Time since last request: 1955.084448 seconds.
  path: Assets/GameState.cs
  artifactKey: Guid(9eb7ef906dc562e44a21f4d083ae7650) Importer(815301076,1909f56bfc062723c751e8b465ee728b)
Start importing Assets/GameState.cs using Guid(9eb7ef906dc562e44a21f4d083ae7650) Importer(815301076,1909f56bfc062723c751e8b465ee728b)  -> (artifact id: 'a6be3298b6549f30e5b4bbfc586350db') in 0.016961 seconds
  Import took 0.022298 seconds .

========================================================================
Received Import Request.
  Time since last request: 159.226047 seconds.
  path: ProjectSettings/TagManager.asset
  artifactKey: Guid(00000000000000003000000000000000) Importer(815301076,1909f56bfc062723c751e8b465ee728b)
Start importing ProjectSettings/TagManager.asset using Guid(00000000000000003000000000000000) Importer(815301076,1909f56bfc062723c751e8b465ee728b)  -> (artifact id: '682ef90e1b5294583461f06566b84669') in 0.015746 seconds
  Import took 0.018738 seconds .

========================================================================
Received Prepare
Registering precompiled user dll's ...
Registered in 0.000909 seconds.
Begin MonoManager ReloadAssembly
Native extension for WindowsStandalone target not found
Native extension for WebGL target not found
Refreshing native plugins compatible for Editor in 0.22 ms, found 0 plugins.
Preloading 0 native plugins for Editor in 0.00 ms.
Mono: successfully reloaded assembly
- Completed reload, in  0.653 seconds
Platform modules already initialized, skipping
Refreshing native plugins compatible for Editor in 0.23 ms, found 0 plugins.
Preloading 0 native plugins for Editor in 0.00 ms.
Unloading 1459 Unused Serialized files (Serialized files now loaded: 0)
System memory in use before: 74.4 MB.
System memory in use after: 74.5 MB.

Unloading 6 unused Assets to reduce memory usage. Loaded Objects now: 2010.
Total: 1.720200 ms (FindLiveObjects: 0.224500 ms CreateObjectMapping: 0.044000 ms MarkObjects: 1.397700 ms  DeleteObjects: 0.052900 ms)

========================================================================
Received Import Request.
  Time since last request: 496.359348 seconds.
  path: Assets/GameResultViewer.cs
  artifactKey: Guid(e28e844929af17e498712b4845ed843a) Importer(815301076,1909f56bfc062723c751e8b465ee728b)
Start importing Assets/GameResultViewer.cs using Guid(e28e844929af17e498712b4845ed843a) Importer(815301076,1909f56bfc062723c751e8b465ee728b)  -> (artifact id: 'eada5b630e29b96272eb9d8f401fa7d6') in 0.010747 seconds
  Import took 0.014598 seconds .

========================================================================
Received Prepare
Registering precompiled user dll's ...
Registered in 0.001031 seconds.
Begin MonoManager ReloadAssembly
Native extension for WindowsStandalone target not found
Native extension for WebGL target not found
Refreshing native plugins compatible for Editor in 0.23 ms, found 0 plugins.
Preloading 0 native plugins for Editor in 0.00 ms.
Mono: successfully reloaded assembly
- Completed reload, in  0.653 seconds
Platform modules already initialized, skipping
Refreshing native plugins compatible for Editor in 0.24 ms, found 0 plugins.
Preloading 0 native plugins for Editor in 0.00 ms.
Unloading 1459 Unused Serialized files (Serialized files now loaded: 0)
System memory in use before: 74.4 MB.
System memory in use after: 74.5 MB.

Unloading 5 unused Assets to reduce memory usage. Loaded Objects now: 2013.
Total: 4.165800 ms (FindLiveObjects: 0.340400 ms CreateObjectMapping: 0.133600 ms MarkObjects: 3.546600 ms  DeleteObjects: 0.142000 ms)

========================================================================
Received Prepare
Registering precompiled user dll's ...
Registered in 0.000907 seconds.
Begin MonoManager ReloadAssembly
Native extension for WindowsStandalone target not found
Native extension for WebGL target not found
Refreshing native plugins compatible for Editor in 0.26 ms, found 0 plugins.
Preloading 0 native plugins for Editor in 0.00 ms.
Mono: successfully reloaded assembly
- Completed reload, in  0.629 seconds
Platform modules already initialized, skipping
Refreshing native plugins compatible for Editor in 0.23 ms, found 0 plugins.
Preloading 0 native plugins for Editor in 0.00 ms.
Unloading 1459 Unused Serialized files (Serialized files now loaded: 0)
System memory in use before: 74.4 MB.
System memory in use after: 74.5 MB.

Unloading 5 unused Assets to reduce memory usage. Loaded Objects now: 2016.
Total: 1.356800 ms (FindLiveObjects: 0.134900 ms CreateObjectMapping: 0.037900 ms MarkObjects: 1.138300 ms  DeleteObjects: 0.045200 ms)

========================================================================
Received Import Request.
  Time since last request: 1025.017202 seconds.
  path: Assets/Sound/BGM/魔王魂 効果音 ジングル06.wav
  artifactKey: Guid(452271bfd3ab7db4e948dfa8affa087c) Importer(815301076,1909f56bfc062723c751e8b465ee728b)
Start importing Assets/Sound/BGM/魔王魂 効果音 ジングル06.wav using Guid(452271bfd3ab7db4e948dfa8affa087c) Importer(815301076,1909f56bfc062723c751e8b465ee728b)  -> (artifact id: 'fe0b14f9fe8e327322b4df98ee1fe3f9') in 0.040734 seconds
  Import took 0.042946 seconds .

========================================================================
Received Import Request.
  Time since last request: 21.591058 seconds.
  path: Assets/Sound/BGM/魔王魂 効果音 ワンポイント31.wav
  artifactKey: Guid(c66bb929011f7bb4a9d16e971119f81b) Importer(815301076,1909f56bfc062723c751e8b465ee728b)
Start importing Assets/Sound/BGM/魔王魂 効果音 ワンポイント31.wav using Guid(c66bb929011f7bb4a9d16e971119f81b) Importer(815301076,1909f56bfc062723c751e8b465ee728b)  -> (artifact id: '6313320c038446ffee8267d16f878b62') in 0.010694 seconds
  Import took 0.012815 seconds .

========================================================================
Received Import Request.
  Time since last request: 0.000630 seconds.
  path: Assets/Sound/BGM/魔王魂 効果音 ワンポイント31.wav
  artifactKey: Guid(c66bb929011f7bb4a9d16e971119f81b) Importer(815301076,1909f56bfc062723c751e8b465ee728b)
Start importing Assets/Sound/BGM/魔王魂 効果音 ワンポイント31.wav using Guid(c66bb929011f7bb4a9d16e971119f81b) Importer(815301076,1909f56bfc062723c751e8b465ee728b)  -> (artifact id: '6313320c038446ffee8267d16f878b62') in 0.011346 seconds
  Import took 0.013385 seconds .

========================================================================
Received Import Request.
  Time since last request: 23.109385 seconds.
  path: Assets/Sound/BGM/ClearBGM.wav
  artifactKey: Guid(452271bfd3ab7db4e948dfa8affa087c) Importer(815301076,1909f56bfc062723c751e8b465ee728b)
Start importing Assets/Sound/BGM/ClearBGM.wav using Guid(452271bfd3ab7db4e948dfa8affa087c) Importer(815301076,1909f56bfc062723c751e8b465ee728b)  -> (artifact id: 'a171d111f066e1134f615a262d4a9f5d') in 0.011557 seconds
  Import took 0.013892 seconds .

========================================================================
Received Import Request.
  Time since last request: 17.251658 seconds.
  path: Assets/Sound/BGM/GameOverBGM.wav
  artifactKey: Guid(c66bb929011f7bb4a9d16e971119f81b) Importer(815301076,1909f56bfc062723c751e8b465ee728b)
Start importing Assets/Sound/BGM/GameOverBGM.wav using Guid(c66bb929011f7bb4a9d16e971119f81b) Importer(815301076,1909f56bfc062723c751e8b465ee728b)  -> (artifact id: 'dbc852c9a04506e281635285a916d409') in 0.010687 seconds
  Import took 0.012649 seconds .

========================================================================
Received Prepare
Registering precompiled user dll's ...
Registered in 0.000891 seconds.
Begin MonoManager ReloadAssembly
Native extension for WindowsStandalone target not found
Native extension for WebGL target not found
Refreshing native plugins compatible for Editor in 0.23 ms, found 0 plugins.
Preloading 0 native plugins for Editor in 0.00 ms.
Mono: successfully reloaded assembly
- Completed reload, in  0.644 seconds
Platform modules already initialized, skipping
Refreshing native plugins compatible for Editor in 0.24 ms, found 0 plugins.
Preloading 0 native plugins for Editor in 0.00 ms.
Unloading 1459 Unused Serialized files (Serialized files now loaded: 0)
System memory in use before: 74.4 MB.
System memory in use after: 74.5 MB.

Unloading 5 unused Assets to reduce memory usage. Loaded Objects now: 2020.
Total: 1.475500 ms (FindLiveObjects: 0.124600 ms CreateObjectMapping: 0.038100 ms MarkObjects: 1.223800 ms  DeleteObjects: 0.088100 ms)

========================================================================
Received Prepare
Registering precompiled user dll's ...
Registered in 0.000826 seconds.
Begin MonoManager ReloadAssembly
Native extension for WindowsStandalone target not found
Native extension for WebGL target not found
Refreshing native plugins compatible for Editor in 0.23 ms, found 0 plugins.
Preloading 0 native plugins for Editor in 0.00 ms.
Mono: successfully reloaded assembly
- Completed reload, in  0.638 seconds
Platform modules already initialized, skipping
Refreshing native plugins compatible for Editor in 0.23 ms, found 0 plugins.
Preloading 0 native plugins for Editor in 0.00 ms.
Unloading 1459 Unused Serialized files (Serialized files now loaded: 0)
System memory in use before: 74.4 MB.
System memory in use after: 74.5 MB.

Unloading 5 unused Assets to reduce memory usage. Loaded Objects now: 2023.
Total: 1.568100 ms (FindLiveObjects: 0.181900 ms CreateObjectMapping: 0.055700 ms MarkObjects: 1.244200 ms  DeleteObjects: 0.085500 ms)

========================================================================
Received Prepare
Registering precompiled user dll's ...
Registered in 0.000863 seconds.
Begin MonoManager ReloadAssembly
Native extension for WindowsStandalone target not found
Native extension for WebGL target not found
Refreshing native plugins compatible for Editor in 0.22 ms, found 0 plugins.
Preloading 0 native plugins for Editor in 0.00 ms.
Mono: successfully reloaded assembly
- Completed reload, in  0.628 seconds
Platform modules already initialized, skipping
Refreshing native plugins compatible for Editor in 0.23 ms, found 0 plugins.
Preloading 0 native plugins for Editor in 0.00 ms.
Unloading 1459 Unused Serialized files (Serialized files now loaded: 0)
System memory in use before: 74.4 MB.
System memory in use after: 74.5 MB.

Unloading 5 unused Assets to reduce memory usage. Loaded Objects now: 2026.
Total: 1.407300 ms (FindLiveObjects: 0.143100 ms CreateObjectMapping: 0.036900 ms MarkObjects: 1.181100 ms  DeleteObjects: 0.045400 ms)

========================================================================
Received Prepare
Registering precompiled user dll's ...
Registered in 0.000879 seconds.
Begin MonoManager ReloadAssembly
Native extension for WindowsStandalone target not found
Native extension for WebGL target not found
Refreshing native plugins compatible for Editor in 0.22 ms, found 0 plugins.
Preloading 0 native plugins for Editor in 0.00 ms.
Mono: successfully reloaded assembly
- Completed reload, in  0.618 seconds
Platform modules already initialized, skipping
Refreshing native plugins compatible for Editor in 0.23 ms, found 0 plugins.
Preloading 0 native plugins for Editor in 0.00 ms.
Unloading 1459 Unused Serialized files (Serialized files now loaded: 0)
System memory in use before: 74.4 MB.
System memory in use after: 74.5 MB.

Unloading 5 unused Assets to reduce memory usage. Loaded Objects now: 2029.
Total: 1.476600 ms (FindLiveObjects: 0.130600 ms CreateObjectMapping: 0.041400 ms MarkObjects: 1.256200 ms  DeleteObjects: 0.047800 ms)

========================================================================
Received Import Request.
  Time since last request: 1000.542877 seconds.
  path: Assets/Sound/BGM/GameClearBGM.wav
  artifactKey: Guid(452271bfd3ab7db4e948dfa8affa087c) Importer(815301076,1909f56bfc062723c751e8b465ee728b)
Start importing Assets/Sound/BGM/GameClearBGM.wav using Guid(452271bfd3ab7db4e948dfa8affa087c) Importer(815301076,1909f56bfc062723c751e8b465ee728b)  -> (artifact id: 'aebb75367fb1f4ed8a4d35e509901c63') in 0.041103 seconds
  Import took 0.053094 seconds .

========================================================================
Received Import Request.
  Time since last request: 10.938490 seconds.
  path: Assets/Sound/GameClearBGM
  artifactKey: Guid(990e1e7609da1f14fba66cbe1950ef36) Importer(815301076,1909f56bfc062723c751e8b465ee728b)
Start importing Assets/Sound/GameClearBGM using Guid(990e1e7609da1f14fba66cbe1950ef36) Importer(815301076,1909f56bfc062723c751e8b465ee728b)  -> (artifact id: '41e5a90ad19354ef5c85251222842170') in 0.005026 seconds
  Import took 0.008038 seconds .

========================================================================
Received Import Request.
  Time since last request: 12.274253 seconds.
  path: Assets/Sound/GameOverBGM
  artifactKey: Guid(23b2225389d40eb4791b611d9afb9ed0) Importer(815301076,1909f56bfc062723c751e8b465ee728b)
Start importing Assets/Sound/GameOverBGM using Guid(23b2225389d40eb4791b611d9afb9ed0) Importer(815301076,1909f56bfc062723c751e8b465ee728b)  -> (artifact id: 'fc04a627c8e8e14064f6ed6c6eac5268') in 0.005084 seconds
  Import took 0.007545 seconds .

========================================================================
Received Import Request.
  Time since last request: 866.031989 seconds.
  path: Assets/Sound/GameClearBGM/PlayGameClearBGM.wav
  artifactKey: Guid(452271bfd3ab7db4e948dfa8affa087c) Importer(815301076,1909f56bfc062723c751e8b465ee728b)
Start importing Assets/Sound/GameClearBGM/PlayGameClearBGM.wav using Guid(452271bfd3ab7db4e948dfa8affa087c) Importer(815301076,1909f56bfc062723c751e8b465ee728b)  -> (artifact id: '9d9753e1e456b87fa75f306e44f87cef') in 0.013394 seconds
  Import took 0.015729 seconds .

========================================================================
Received Prepare
Registering precompiled user dll's ...
Registered in 0.000983 seconds.
Begin MonoManager ReloadAssembly
Native extension for WindowsStandalone target not found
Native extension for WebGL target not found
Refreshing native plugins compatible for Editor in 0.24 ms, found 0 plugins.
Preloading 0 native plugins for Editor in 0.00 ms.
Mono: successfully reloaded assembly
- Completed reload, in  0.712 seconds
Platform modules already initialized, skipping
Refreshing native plugins compatible for Editor in 0.27 ms, found 0 plugins.
Preloading 0 native plugins for Editor in 0.00 ms.
Unloading 1459 Unused Serialized files (Serialized files now loaded: 0)
System memory in use before: 74.4 MB.
System memory in use after: 74.5 MB.

Unloading 5 unused Assets to reduce memory usage. Loaded Objects now: 2033.
Total: 1.541000 ms (FindLiveObjects: 0.129600 ms CreateObjectMapping: 0.037500 ms MarkObjects: 1.319300 ms  DeleteObjects: 0.053700 ms)

========================================================================
Received Prepare
Registering precompiled user dll's ...
Registered in 0.000882 seconds.
Begin MonoManager ReloadAssembly
Native extension for WindowsStandalone target not found
Native extension for WebGL target not found
Refreshing native plugins compatible for Editor in 0.30 ms, found 0 plugins.
Preloading 0 native plugins for Editor in 0.00 ms.
Mono: successfully reloaded assembly
- Completed reload, in  0.666 seconds
Platform modules already initialized, skipping
Refreshing native plugins compatible for Editor in 0.23 ms, found 0 plugins.
Preloading 0 native plugins for Editor in 0.00 ms.
Unloading 1459 Unused Serialized files (Serialized files now loaded: 0)
System memory in use before: 74.4 MB.
System memory in use after: 74.5 MB.

Unloading 5 unused Assets to reduce memory usage. Loaded Objects now: 2036.
Total: 1.618600 ms (FindLiveObjects: 0.142900 ms CreateObjectMapping: 0.040900 ms MarkObjects: 1.347400 ms  DeleteObjects: 0.086800 ms)

========================================================================
Received Prepare
Registering precompiled user dll's ...
Registered in 0.000916 seconds.
Begin MonoManager ReloadAssembly
Native extension for WindowsStandalone target not found
Native extension for WebGL target not found
Refreshing native plugins compatible for Editor in 0.22 ms, found 0 plugins.
Preloading 0 native plugins for Editor in 0.00 ms.
Mono: successfully reloaded assembly
- Completed reload, in  0.631 seconds
Platform modules already initialized, skipping
Refreshing native plugins compatible for Editor in 0.24 ms, found 0 plugins.
Preloading 0 native plugins for Editor in 0.00 ms.
Unloading 1459 Unused Serialized files (Serialized files now loaded: 0)
System memory in use before: 74.4 MB.
System memory in use after: 74.5 MB.

Unloading 5 unused Assets to reduce memory usage. Loaded Objects now: 2039.
Total: 3.403300 ms (FindLiveObjects: 0.316700 ms CreateObjectMapping: 0.121600 ms MarkObjects: 2.866700 ms  DeleteObjects: 0.096300 ms)

========================================================================
Received Import Request.
  Time since last request: 168.632682 seconds.
  path: Assets/TimeKeeper.cs
  artifactKey: Guid(d78025c626820644a96ba05b1beb4b26) Importer(815301076,1909f56bfc062723c751e8b465ee728b)
Start importing Assets/TimeKeeper.cs using Guid(d78025c626820644a96ba05b1beb4b26) Importer(815301076,1909f56bfc062723c751e8b465ee728b)  -> (artifact id: '4ccdb4dd9a6031a52a070f15b3084efa') in 0.005824 seconds
  Import took 0.007988 seconds .

========================================================================
Received Import Request.
  Time since last request: 0.001610 seconds.
  path: Assets/TimeKeeper.cs
  artifactKey: Guid(d78025c626820644a96ba05b1beb4b26) Importer(815301076,1909f56bfc062723c751e8b465ee728b)
Start importing Assets/TimeKeeper.cs using Guid(d78025c626820644a96ba05b1beb4b26) Importer(815301076,1909f56bfc062723c751e8b465ee728b)  -> (artifact id: '4ccdb4dd9a6031a52a070f15b3084efa') in 0.004641 seconds
  Import took 0.006753 seconds .

========================================================================
Received Prepare
Registering precompiled user dll's ...
Registered in 0.000772 seconds.
Begin MonoManager ReloadAssembly
Native extension for WindowsStandalone target not found
Native extension for WebGL target not found
Refreshing native plugins compatible for Editor in 0.23 ms, found 0 plugins.
Preloading 0 native plugins for Editor in 0.00 ms.
Mono: successfully reloaded assembly
- Completed reload, in  0.645 seconds
Platform modules already initialized, skipping
Refreshing native plugins compatible for Editor in 0.23 ms, found 0 plugins.
Preloading 0 native plugins for Editor in 0.00 ms.
Unloading 1459 Unused Serialized files (Serialized files now loaded: 0)
System memory in use before: 74.4 MB.
System memory in use after: 74.5 MB.

Unloading 5 unused Assets to reduce memory usage. Loaded Objects now: 2042.
Total: 1.482500 ms (FindLiveObjects: 0.154900 ms CreateObjectMapping: 0.043300 ms MarkObjects: 1.196300 ms  DeleteObjects: 0.087300 ms)

========================================================================
Received Prepare
Registering precompiled user dll's ...
Registered in 0.000826 seconds.
Begin MonoManager ReloadAssembly
Native extension for WindowsStandalone target not found
Native extension for WebGL target not found
Refreshing native plugins compatible for Editor in 0.23 ms, found 0 plugins.
Preloading 0 native plugins for Editor in 0.00 ms.
Mono: successfully reloaded assembly
- Completed reload, in  0.630 seconds
Platform modules already initialized, skipping
Refreshing native plugins compatible for Editor in 0.24 ms, found 0 plugins.
Preloading 0 native plugins for Editor in 0.00 ms.
Unloading 1459 Unused Serialized files (Serialized files now loaded: 0)
System memory in use before: 74.5 MB.
System memory in use after: 74.5 MB.

Unloading 5 unused Assets to reduce memory usage. Loaded Objects now: 2045.
Total: 3.708600 ms (FindLiveObjects: 0.336300 ms CreateObjectMapping: 0.128700 ms MarkObjects: 3.136800 ms  DeleteObjects: 0.104800 ms)

========================================================================
Received Prepare
Registering precompiled user dll's ...
Registered in 0.000825 seconds.
Begin MonoManager ReloadAssembly
Native extension for WindowsStandalone target not found
Native extension for WebGL target not found
Refreshing native plugins compatible for Editor in 0.23 ms, found 0 plugins.
Preloading 0 native plugins for Editor in 0.00 ms.
Mono: successfully reloaded assembly
- Completed reload, in  0.638 seconds
Platform modules already initialized, skipping
Refreshing native plugins compatible for Editor in 0.24 ms, found 0 plugins.
Preloading 0 native plugins for Editor in 0.00 ms.
Unloading 1459 Unused Serialized files (Serialized files now loaded: 0)
System memory in use before: 74.5 MB.
System memory in use after: 74.5 MB.

Unloading 5 unused Assets to reduce memory usage. Loaded Objects now: 2048.
Total: 4.002600 ms (FindLiveObjects: 0.317600 ms CreateObjectMapping: 0.122700 ms MarkObjects: 3.434600 ms  DeleteObjects: 0.125900 ms)

========================================================================
Received Import Request.
  Time since last request: 55.443406 seconds.
  path: Assets/TimeKeeper.cs
  artifactKey: Guid(d78025c626820644a96ba05b1beb4b26) Importer(815301076,1909f56bfc062723c751e8b465ee728b)
Start importing Assets/TimeKeeper.cs using Guid(d78025c626820644a96ba05b1beb4b26) Importer(815301076,1909f56bfc062723c751e8b465ee728b)  -> (artifact id: '9d865bc0da101e2dad3d3704cd3499e7') in 0.006163 seconds
  Import took 0.008154 seconds .

========================================================================
Received Import Request.
  Time since last request: 0.022962 seconds.
  path: Assets/TimeKeeper.cs
  artifactKey: Guid(d78025c626820644a96ba05b1beb4b26) Importer(815301076,1909f56bfc062723c751e8b465ee728b)
Start importing Assets/TimeKeeper.cs using Guid(d78025c626820644a96ba05b1beb4b26) Importer(815301076,1909f56bfc062723c751e8b465ee728b)  -> (artifact id: '9d865bc0da101e2dad3d3704cd3499e7') in 0.004495 seconds
  Import took 0.006818 seconds .

========================================================================
Received Prepare
Registering precompiled user dll's ...
Registered in 0.000835 seconds.
Begin MonoManager ReloadAssembly
Native extension for WindowsStandalone target not found
Native extension for WebGL target not found
Refreshing native plugins compatible for Editor in 0.25 ms, found 0 plugins.
Preloading 0 native plugins for Editor in 0.00 ms.
Mono: successfully reloaded assembly
- Completed reload, in  0.623 seconds
Platform modules already initialized, skipping
Refreshing native plugins compatible for Editor in 0.24 ms, found 0 plugins.
Preloading 0 native plugins for Editor in 0.00 ms.
Unloading 1459 Unused Serialized files (Serialized files now loaded: 0)
System memory in use before: 74.5 MB.
System memory in use after: 74.5 MB.

Unloading 5 unused Assets to reduce memory usage. Loaded Objects now: 2051.
Total: 4.091200 ms (FindLiveObjects: 0.340600 ms CreateObjectMapping: 0.127700 ms MarkObjects: 3.488600 ms  DeleteObjects: 0.131700 ms)

========================================================================
Received Prepare
Registering precompiled user dll's ...
Registered in 0.000893 seconds.
Begin MonoManager ReloadAssembly
Native extension for WindowsStandalone target not found
Native extension for WebGL target not found
Refreshing native plugins compatible for Editor in 0.23 ms, found 0 plugins.
Preloading 0 native plugins for Editor in 0.00 ms.
Mono: successfully reloaded assembly
- Completed reload, in  0.634 seconds
Platform modules already initialized, skipping
Refreshing native plugins compatible for Editor in 0.23 ms, found 0 plugins.
Preloading 0 native plugins for Editor in 0.00 ms.
Unloading 1459 Unused Serialized files (Serialized files now loaded: 0)
System memory in use before: 74.5 MB.
System memory in use after: 74.6 MB.

Unloading 5 unused Assets to reduce memory usage. Loaded Objects now: 2054.
Total: 4.766100 ms (FindLiveObjects: 0.399200 ms CreateObjectMapping: 0.154800 ms MarkObjects: 4.118000 ms  DeleteObjects: 0.092300 ms)

========================================================================
Received Prepare
Registering precompiled user dll's ...
Registered in 0.000850 seconds.
Begin MonoManager ReloadAssembly
Native extension for WindowsStandalone target not found
Native extension for WebGL target not found
Refreshing native plugins compatible for Editor in 0.23 ms, found 0 plugins.
Preloading 0 native plugins for Editor in 0.00 ms.
Mono: successfully reloaded assembly
- Completed reload, in  0.642 seconds
Platform modules already initialized, skipping
Refreshing native plugins compatible for Editor in 0.24 ms, found 0 plugins.
Preloading 0 native plugins for Editor in 0.00 ms.
Unloading 1459 Unused Serialized files (Serialized files now loaded: 0)
System memory in use before: 74.5 MB.
System memory in use after: 74.6 MB.

Unloading 5 unused Assets to reduce memory usage. Loaded Objects now: 2057.
Total: 1.473600 ms (FindLiveObjects: 0.168200 ms CreateObjectMapping: 0.036300 ms MarkObjects: 1.188200 ms  DeleteObjects: 0.080300 ms)

========================================================================
Received Prepare
Registering precompiled user dll's ...
Registered in 0.000890 seconds.
Begin MonoManager ReloadAssembly
Native extension for WindowsStandalone target not found
Native extension for WebGL target not found
Refreshing native plugins compatible for Editor in 0.26 ms, found 0 plugins.
Preloading 0 native plugins for Editor in 0.00 ms.
Mono: successfully reloaded assembly
- Completed reload, in  0.630 seconds
Platform modules already initialized, skipping
Refreshing native plugins compatible for Editor in 0.23 ms, found 0 plugins.
Preloading 0 native plugins for Editor in 0.00 ms.
Unloading 1459 Unused Serialized files (Serialized files now loaded: 0)
System memory in use before: 74.5 MB.
System memory in use after: 74.6 MB.

Unloading 5 unused Assets to reduce memory usage. Loaded Objects now: 2060.
Total: 1.770800 ms (FindLiveObjects: 0.181000 ms CreateObjectMapping: 0.046800 ms MarkObjects: 1.475100 ms  DeleteObjects: 0.067000 ms)

========================================================================
Received Prepare
Registering precompiled user dll's ...
Registered in 0.000951 seconds.
Begin MonoManager ReloadAssembly
Native extension for WindowsStandalone target not found
Native extension for WebGL target not found
Refreshing native plugins compatible for Editor in 0.35 ms, found 0 plugins.
Preloading 0 native plugins for Editor in 0.00 ms.
Mono: successfully reloaded assembly
- Completed reload, in  0.652 seconds
Platform modules already initialized, skipping
Refreshing native plugins compatible for Editor in 0.23 ms, found 0 plugins.
Preloading 0 native plugins for Editor in 0.00 ms.
Unloading 1459 Unused Serialized files (Serialized files now loaded: 0)
System memory in use before: 74.5 MB.
System memory in use after: 74.6 MB.

Unloading 5 unused Assets to reduce memory usage. Loaded Objects now: 2063.
Total: 1.669700 ms (FindLiveObjects: 0.151300 ms CreateObjectMapping: 0.043600 ms MarkObjects: 1.403600 ms  DeleteObjects: 0.070100 ms)

========================================================================
Received Prepare
Registering precompiled user dll's ...
Registered in 0.000959 seconds.
Begin MonoManager ReloadAssembly
Native extension for WindowsStandalone target not found
Native extension for WebGL target not found
Refreshing native plugins compatible for Editor in 0.26 ms, found 0 plugins.
Preloading 0 native plugins for Editor in 0.00 ms.
Mono: successfully reloaded assembly
- Completed reload, in  0.632 seconds
Platform modules already initialized, skipping
Refreshing native plugins compatible for Editor in 0.25 ms, found 0 plugins.
Preloading 0 native plugins for Editor in 0.00 ms.
Unloading 1459 Unused Serialized files (Serialized files now loaded: 0)
System memory in use before: 74.5 MB.
System memory in use after: 74.6 MB.

Unloading 5 unused Assets to reduce memory usage. Loaded Objects now: 2066.
Total: 1.438400 ms (FindLiveObjects: 0.135600 ms CreateObjectMapping: 0.038600 ms MarkObjects: 1.213000 ms  DeleteObjects: 0.050000 ms)

========================================================================
Received Prepare
Registering precompiled user dll's ...
Registered in 0.000829 seconds.
Begin MonoManager ReloadAssembly
Native extension for WindowsStandalone target not found
Native extension for WebGL target not found
Refreshing native plugins compatible for Editor in 0.22 ms, found 0 plugins.
Preloading 0 native plugins for Editor in 0.00 ms.
Mono: successfully reloaded assembly
- Completed reload, in  0.620 seconds
Platform modules already initialized, skipping
Refreshing native plugins compatible for Editor in 0.23 ms, found 0 plugins.
Preloading 0 native plugins for Editor in 0.00 ms.
Unloading 1459 Unused Serialized files (Serialized files now loaded: 0)
System memory in use before: 74.5 MB.
System memory in use after: 74.6 MB.

Unloading 5 unused Assets to reduce memory usage. Loaded Objects now: 2069.
Total: 5.080100 ms (FindLiveObjects: 0.371400 ms CreateObjectMapping: 0.146100 ms MarkObjects: 4.511700 ms  DeleteObjects: 0.049200 ms)

========================================================================
Received Prepare
Registering precompiled user dll's ...
Registered in 0.000806 seconds.
Begin MonoManager ReloadAssembly
Native extension for WindowsStandalone target not found
Native extension for WebGL target not found
Refreshing native plugins compatible for Editor in 0.32 ms, found 0 plugins.
Preloading 0 native plugins for Editor in 0.00 ms.
Mono: successfully reloaded assembly
- Completed reload, in  0.692 seconds
Platform modules already initialized, skipping
Refreshing native plugins compatible for Editor in 0.25 ms, found 0 plugins.
Preloading 0 native plugins for Editor in 0.00 ms.
Unloading 1459 Unused Serialized files (Serialized files now loaded: 0)
System memory in use before: 74.5 MB.
System memory in use after: 74.6 MB.

Unloading 5 unused Assets to reduce memory usage. Loaded Objects now: 2072.
Total: 1.633700 ms (FindLiveObjects: 0.163200 ms CreateObjectMapping: 0.039100 ms MarkObjects: 1.370600 ms  DeleteObjects: 0.059900 ms)

========================================================================
Received Prepare
Registering precompiled user dll's ...
Registered in 0.000885 seconds.
Begin MonoManager ReloadAssembly
Native extension for WindowsStandalone target not found
Native extension for WebGL target not found
Refreshing native plugins compatible for Editor in 0.22 ms, found 0 plugins.
Preloading 0 native plugins for Editor in 0.00 ms.
Mono: successfully reloaded assembly
- Completed reload, in  0.621 seconds
Platform modules already initialized, skipping
Refreshing native plugins compatible for Editor in 0.23 ms, found 0 plugins.
Preloading 0 native plugins for Editor in 0.00 ms.
Unloading 1459 Unused Serialized files (Serialized files now loaded: 0)
System memory in use before: 74.5 MB.
System memory in use after: 74.6 MB.

Unloading 5 unused Assets to reduce memory usage. Loaded Objects now: 2075.
Total: 4.476900 ms (FindLiveObjects: 0.410500 ms CreateObjectMapping: 0.158600 ms MarkObjects: 3.777000 ms  DeleteObjects: 0.126900 ms)

========================================================================
Received Prepare
Registering precompiled user dll's ...
Registered in 0.000911 seconds.
Begin MonoManager ReloadAssembly
Native extension for WindowsStandalone target not found
Native extension for WebGL target not found
Refreshing native plugins compatible for Editor in 0.33 ms, found 0 plugins.
Preloading 0 native plugins for Editor in 0.00 ms.
Mono: successfully reloaded assembly
- Completed reload, in  0.739 seconds
Platform modules already initialized, skipping
Refreshing native plugins compatible for Editor in 0.23 ms, found 0 plugins.
Preloading 0 native plugins for Editor in 0.00 ms.
Unloading 1459 Unused Serialized files (Serialized files now loaded: 0)
System memory in use before: 74.5 MB.
System memory in use after: 74.6 MB.

Unloading 5 unused Assets to reduce memory usage. Loaded Objects now: 2078.
Total: 2.033900 ms (FindLiveObjects: 0.257900 ms CreateObjectMapping: 0.045800 ms MarkObjects: 1.660000 ms  DeleteObjects: 0.069500 ms)

========================================================================
Received Prepare
Registering precompiled user dll's ...
Registered in 0.000990 seconds.
Begin MonoManager ReloadAssembly
Native extension for WindowsStandalone target not found
Native extension for WebGL target not found
Refreshing native plugins compatible for Editor in 0.24 ms, found 0 plugins.
Preloading 0 native plugins for Editor in 0.00 ms.
Mono: successfully reloaded assembly
- Completed reload, in  0.682 seconds
Platform modules already initialized, skipping
Refreshing native plugins compatible for Editor in 0.24 ms, found 0 plugins.
Preloading 0 native plugins for Editor in 0.00 ms.
Unloading 1459 Unused Serialized files (Serialized files now loaded: 0)
System memory in use before: 74.5 MB.
System memory in use after: 74.6 MB.

Unloading 5 unused Assets to reduce memory usage. Loaded Objects now: 2081.
Total: 2.181300 ms (FindLiveObjects: 0.185400 ms CreateObjectMapping: 0.153900 ms MarkObjects: 1.778600 ms  DeleteObjects: 0.061800 ms)

AssetImportWorkerClient::OnTransportError - code=2 error=End of file
