Using pre-set license
Built from '2020.3/staging' branch; Version is '2020.3.5f1 (8095aa901b9b) revision 8426922'; Using compiler version '192528614'; Build Type 'Release'
OS: 'Windows 10 Pro; OS build 18362.418; Version 1903; 64bit' Language: 'ja' Physical Memory: 16245 MB
BatchMode: 1, IsHumanControllingUs: 0, StartBugReporterOnCrash: 0, Is64bit: 1, IsPro: 0

 COMMAND LINE ARGUMENTS:
C:\Program Files\Unity\Hub\Editor\2020.3.5f1\Editor\Unity.exe
-adb2
-batchMode
-noUpm
-name
AssetImportWorker0
-projectPath
D:/Roll-a-Ball1
-logFile
Logs/AssetImportWorker0.log
-srvPort
56062
Successfully changed project path to: D:/Roll-a-Ball1
D:/Roll-a-Ball1
Using Asset Import Pipeline V2.
Refreshing native plugins compatible for Editor in 19.37 ms, found 0 plugins.
Preloading 0 native plugins for Editor in 0.00 ms.
Initialize engine version: 2020.3.5f1 (8095aa901b9b)
[Subsystems] Discovering subsystems at path C:/Program Files/Unity/Hub/Editor/2020.3.5f1/Editor/Data/Resources/UnitySubsystems
[Subsystems] Discovering subsystems at path D:/Roll-a-Ball1/Assets
GfxDevice: creating device client; threaded=0
Direct3D:
    Version:  Direct3D 11.0 [level 11.1]
    Renderer: NVIDIA GeForce RTX 2060 (ID=0x1f08)
    Vendor:   
    VRAM:     5980 MB
    Driver:   26.21.14.4106
Initialize mono
Mono path[0] = 'C:/Program Files/Unity/Hub/Editor/2020.3.5f1/Editor/Data/Managed'
Mono path[1] = 'C:/Program Files/Unity/Hub/Editor/2020.3.5f1/Editor/Data/MonoBleedingEdge/lib/mono/unityjit'
Mono config path = 'C:/Program Files/Unity/Hub/Editor/2020.3.5f1/Editor/Data/MonoBleedingEdge/etc'
Using monoOptions --debugger-agent=transport=dt_socket,embedding=1,server=y,suspend=n,address=127.0.0.1:56712
Begin MonoManager ReloadAssembly
Registering precompiled unity dll's ...
Register platform support module: C:/Program Files/Unity/Hub/Editor/2020.3.5f1/Editor/Data/PlaybackEngines/WebGLSupport/UnityEditor.WebGL.Extensions.dll
Register platform support module: C:/Program Files/Unity/Hub/Editor/2020.3.5f1/Editor/Data/PlaybackEngines/WindowsStandaloneSupport/UnityEditor.WindowsStandalone.Extensions.dll
Registered in 0.001738 seconds.
Native extension for WindowsStandalone target not found
Native extension for WebGL target not found
Refreshing native plugins compatible for Editor in 19.77 ms, found 0 plugins.
Preloading 0 native plugins for Editor in 0.00 ms.
Mono: successfully reloaded assembly
- Completed reload, in  0.826 seconds
Platform modules already initialized, skipping
Registering precompiled user dll's ...
Registered in 0.000960 seconds.
Begin MonoManager ReloadAssembly
Native extension for WindowsStandalone target not found
Native extension for WebGL target not found
Refreshing native plugins compatible for Editor in 0.17 ms, found 0 plugins.
Preloading 0 native plugins for Editor in 0.00 ms.
Mono: successfully reloaded assembly
- Completed reload, in  0.686 seconds
Platform modules already initialized, skipping
========================================================================
Worker process is ready to serve import requests
Launched and connected shader compiler UnityShaderCompiler.exe after 0.04 seconds
Refreshing native plugins compatible for Editor in 0.19 ms, found 0 plugins.
Preloading 0 native plugins for Editor in 0.00 ms.
Unloading 1135 Unused Serialized files (Serialized files now loaded: 0)
System memory in use before: 59.4 MB.
System memory in use after: 59.5 MB.

Unloading 10 unused Assets to reduce memory usage. Loaded Objects now: 1577.
Total: 1.499100 ms (FindLiveObjects: 0.109100 ms CreateObjectMapping: 0.034200 ms MarkObjects: 1.297300 ms  DeleteObjects: 0.058100 ms)

========================================================================
Received Import Request.
  path: Assets/TimeKeeper.cs
  artifactKey: Guid(d78025c626820644a96ba05b1beb4b26) Importer(815301076,1909f56bfc062723c751e8b465ee728b)
Start importing Assets/TimeKeeper.cs using Guid(d78025c626820644a96ba05b1beb4b26) Importer(815301076,1909f56bfc062723c751e8b465ee728b)  -> (artifact id: 'd2c703f3337c4e2b2be2658b7ea2dce8') in 0.035569 seconds
  Import took 0.037580 seconds .

========================================================================
Received Prepare
Registering precompiled user dll's ...
Registered in 0.000820 seconds.
Begin MonoManager ReloadAssembly
Native extension for WindowsStandalone target not found
Native extension for WebGL target not found
Refreshing native plugins compatible for Editor in 0.18 ms, found 0 plugins.
Preloading 0 native plugins for Editor in 0.00 ms.
Mono: successfully reloaded assembly
- Completed reload, in  0.612 seconds
Platform modules already initialized, skipping
Refreshing native plugins compatible for Editor in 0.18 ms, found 0 plugins.
Preloading 0 native plugins for Editor in 0.00 ms.
Unloading 1117 Unused Serialized files (Serialized files now loaded: 0)
System memory in use before: 58.1 MB.
System memory in use after: 58.2 MB.

Unloading 5 unused Assets to reduce memory usage. Loaded Objects now: 1580.
Total: 1.247000 ms (FindLiveObjects: 0.110300 ms CreateObjectMapping: 0.030800 ms MarkObjects: 1.069900 ms  DeleteObjects: 0.035300 ms)

========================================================================
Received Prepare
Registering precompiled user dll's ...
Registered in 0.000782 seconds.
Begin MonoManager ReloadAssembly
Native extension for WindowsStandalone target not found
Native extension for WebGL target not found
Refreshing native plugins compatible for Editor in 0.18 ms, found 0 plugins.
Preloading 0 native plugins for Editor in 0.00 ms.
Mono: successfully reloaded assembly
- Completed reload, in  0.626 seconds
Platform modules already initialized, skipping
Refreshing native plugins compatible for Editor in 0.18 ms, found 0 plugins.
Preloading 0 native plugins for Editor in 0.00 ms.
Unloading 1117 Unused Serialized files (Serialized files now loaded: 0)
System memory in use before: 58.1 MB.
System memory in use after: 58.2 MB.

Unloading 5 unused Assets to reduce memory usage. Loaded Objects now: 1583.
Total: 1.255400 ms (FindLiveObjects: 0.103800 ms CreateObjectMapping: 0.027300 ms MarkObjects: 1.085400 ms  DeleteObjects: 0.037900 ms)

========================================================================
Received Import Request.
  Time since last request: 2098.712312 seconds.
  path: Assets/TimeKeeper.cs
  artifactKey: Guid(d78025c626820644a96ba05b1beb4b26) Importer(815301076,1909f56bfc062723c751e8b465ee728b)
Start importing Assets/TimeKeeper.cs using Guid(d78025c626820644a96ba05b1beb4b26) Importer(815301076,1909f56bfc062723c751e8b465ee728b)  -> (artifact id: 'a373b2c691247e2495574bf228fc576b') in 0.108201 seconds
  Import took 0.111855 seconds .

========================================================================
Received Prepare
Registering precompiled user dll's ...
Registered in 0.000751 seconds.
Begin MonoManager ReloadAssembly
Native extension for WindowsStandalone target not found
Native extension for WebGL target not found
Refreshing native plugins compatible for Editor in 0.18 ms, found 0 plugins.
Preloading 0 native plugins for Editor in 0.00 ms.
Mono: successfully reloaded assembly
- Completed reload, in  0.723 seconds
Platform modules already initialized, skipping
Refreshing native plugins compatible for Editor in 0.18 ms, found 0 plugins.
Preloading 0 native plugins for Editor in 0.00 ms.
Unloading 1117 Unused Serialized files (Serialized files now loaded: 0)
System memory in use before: 58.1 MB.
System memory in use after: 58.2 MB.

Unloading 5 unused Assets to reduce memory usage. Loaded Objects now: 1586.
Total: 1.364900 ms (FindLiveObjects: 0.111600 ms CreateObjectMapping: 0.031500 ms MarkObjects: 1.181900 ms  DeleteObjects: 0.038900 ms)

========================================================================
Received Prepare
Registering precompiled user dll's ...
Registered in 0.000922 seconds.
Begin MonoManager ReloadAssembly
Native extension for WindowsStandalone target not found
Native extension for WebGL target not found
Refreshing native plugins compatible for Editor in 0.19 ms, found 0 plugins.
Preloading 0 native plugins for Editor in 0.00 ms.
Mono: successfully reloaded assembly
- Completed reload, in  0.603 seconds
Platform modules already initialized, skipping
Refreshing native plugins compatible for Editor in 0.17 ms, found 0 plugins.
Preloading 0 native plugins for Editor in 0.00 ms.
Unloading 1117 Unused Serialized files (Serialized files now loaded: 0)
System memory in use before: 58.1 MB.
System memory in use after: 58.2 MB.

Unloading 5 unused Assets to reduce memory usage. Loaded Objects now: 1589.
Total: 1.351200 ms (FindLiveObjects: 0.114500 ms CreateObjectMapping: 0.028800 ms MarkObjects: 1.172700 ms  DeleteObjects: 0.034400 ms)

========================================================================
Received Prepare
Registering precompiled user dll's ...
Registered in 0.000897 seconds.
Begin MonoManager ReloadAssembly
Native extension for WindowsStandalone target not found
Native extension for WebGL target not found
Refreshing native plugins compatible for Editor in 0.24 ms, found 0 plugins.
Preloading 0 native plugins for Editor in 0.00 ms.
Mono: successfully reloaded assembly
- Completed reload, in  0.595 seconds
Platform modules already initialized, skipping
Refreshing native plugins compatible for Editor in 0.18 ms, found 0 plugins.
Preloading 0 native plugins for Editor in 0.00 ms.
Unloading 1117 Unused Serialized files (Serialized files now loaded: 0)
System memory in use before: 58.1 MB.
System memory in use after: 58.2 MB.

Unloading 5 unused Assets to reduce memory usage. Loaded Objects now: 1592.
Total: 1.231900 ms (FindLiveObjects: 0.101800 ms CreateObjectMapping: 0.026500 ms MarkObjects: 1.067700 ms  DeleteObjects: 0.035300 ms)

========================================================================
Received Prepare
Registering precompiled user dll's ...
Registered in 0.000821 seconds.
Begin MonoManager ReloadAssembly
Native extension for WindowsStandalone target not found
Native extension for WebGL target not found
Refreshing native plugins compatible for Editor in 0.18 ms, found 0 plugins.
Preloading 0 native plugins for Editor in 0.00 ms.
Mono: successfully reloaded assembly
- Completed reload, in  0.591 seconds
Platform modules already initialized, skipping
Refreshing native plugins compatible for Editor in 0.17 ms, found 0 plugins.
Preloading 0 native plugins for Editor in 0.00 ms.
Unloading 1117 Unused Serialized files (Serialized files now loaded: 0)
System memory in use before: 58.2 MB.
System memory in use after: 58.2 MB.

Unloading 5 unused Assets to reduce memory usage. Loaded Objects now: 1595.
Total: 1.326200 ms (FindLiveObjects: 0.134800 ms CreateObjectMapping: 0.030900 ms MarkObjects: 1.124400 ms  DeleteObjects: 0.035400 ms)

========================================================================
Received Prepare
Registering precompiled user dll's ...
Registered in 0.000835 seconds.
Begin MonoManager ReloadAssembly
Native extension for WindowsStandalone target not found
Native extension for WebGL target not found
Refreshing native plugins compatible for Editor in 0.17 ms, found 0 plugins.
Preloading 0 native plugins for Editor in 0.00 ms.
Mono: successfully reloaded assembly
- Completed reload, in  0.610 seconds
Platform modules already initialized, skipping
Refreshing native plugins compatible for Editor in 0.18 ms, found 0 plugins.
Preloading 0 native plugins for Editor in 0.00 ms.
Unloading 1117 Unused Serialized files (Serialized files now loaded: 0)
System memory in use before: 58.2 MB.
System memory in use after: 58.2 MB.

Unloading 5 unused Assets to reduce memory usage. Loaded Objects now: 1598.
Total: 1.373200 ms (FindLiveObjects: 0.110100 ms CreateObjectMapping: 0.029100 ms MarkObjects: 1.156700 ms  DeleteObjects: 0.076300 ms)

========================================================================
Received Prepare
Registering precompiled user dll's ...
Registered in 0.000817 seconds.
Begin MonoManager ReloadAssembly
Native extension for WindowsStandalone target not found
Native extension for WebGL target not found
Refreshing native plugins compatible for Editor in 0.17 ms, found 0 plugins.
Preloading 0 native plugins for Editor in 0.00 ms.
Mono: successfully reloaded assembly
- Completed reload, in  0.592 seconds
Platform modules already initialized, skipping
Refreshing native plugins compatible for Editor in 0.18 ms, found 0 plugins.
Preloading 0 native plugins for Editor in 0.00 ms.
Unloading 1117 Unused Serialized files (Serialized files now loaded: 0)
System memory in use before: 58.2 MB.
System memory in use after: 58.2 MB.

Unloading 5 unused Assets to reduce memory usage. Loaded Objects now: 1601.
Total: 4.326700 ms (FindLiveObjects: 0.301700 ms CreateObjectMapping: 0.108800 ms MarkObjects: 3.791400 ms  DeleteObjects: 0.122600 ms)

========================================================================
Received Import Request.
  Time since last request: 1432.185765 seconds.
  path: Assets/GameState.cs
  artifactKey: Guid(9eb7ef906dc562e44a21f4d083ae7650) Importer(815301076,1909f56bfc062723c751e8b465ee728b)
Start importing Assets/GameState.cs using Guid(9eb7ef906dc562e44a21f4d083ae7650) Importer(815301076,1909f56bfc062723c751e8b465ee728b)  -> (artifact id: 'c2108cd739ddab29445e611c42257041') in 0.005748 seconds
  Import took 0.007880 seconds .

========================================================================
Received Prepare
Registering precompiled user dll's ...
Registered in 0.000651 seconds.
Begin MonoManager ReloadAssembly
Native extension for WindowsStandalone target not found
Native extension for WebGL target not found
Refreshing native plugins compatible for Editor in 0.17 ms, found 0 plugins.
Preloading 0 native plugins for Editor in 0.00 ms.
Mono: successfully reloaded assembly
- Completed reload, in  0.609 seconds
Platform modules already initialized, skipping
Refreshing native plugins compatible for Editor in 0.18 ms, found 0 plugins.
Preloading 0 native plugins for Editor in 0.00 ms.
Unloading 1118 Unused Serialized files (Serialized files now loaded: 0)
System memory in use before: 58.2 MB.
System memory in use after: 58.3 MB.

Unloading 5 unused Assets to reduce memory usage. Loaded Objects now: 1605.
Total: 1.278600 ms (FindLiveObjects: 0.104800 ms CreateObjectMapping: 0.031800 ms MarkObjects: 1.107900 ms  DeleteObjects: 0.033300 ms)

========================================================================
Received Prepare
Registering precompiled user dll's ...
Registered in 0.000709 seconds.
Begin MonoManager ReloadAssembly
Native extension for WindowsStandalone target not found
Native extension for WebGL target not found
Refreshing native plugins compatible for Editor in 0.18 ms, found 0 plugins.
Preloading 0 native plugins for Editor in 0.00 ms.
Mono: successfully reloaded assembly
- Completed reload, in  0.599 seconds
Platform modules already initialized, skipping
Refreshing native plugins compatible for Editor in 0.17 ms, found 0 plugins.
Preloading 0 native plugins for Editor in 0.00 ms.
Unloading 1118 Unused Serialized files (Serialized files now loaded: 0)
System memory in use before: 58.2 MB.
System memory in use after: 58.3 MB.

Unloading 5 unused Assets to reduce memory usage. Loaded Objects now: 1608.
Total: 4.286600 ms (FindLiveObjects: 0.305100 ms CreateObjectMapping: 0.107100 ms MarkObjects: 3.752000 ms  DeleteObjects: 0.119900 ms)

========================================================================
Received Import Request.
  Time since last request: 286.261384 seconds.
  path: Assets/GameState.cs
  artifactKey: Guid(9eb7ef906dc562e44a21f4d083ae7650) Importer(815301076,1909f56bfc062723c751e8b465ee728b)
Start importing Assets/GameState.cs using Guid(9eb7ef906dc562e44a21f4d083ae7650) Importer(815301076,1909f56bfc062723c751e8b465ee728b)  -> (artifact id: 'baef05c74fea8870f9bf53c3354c1f87') in 0.013455 seconds
  Import took 0.018016 seconds .

========================================================================
Received Prepare
Registering precompiled user dll's ...
Registered in 0.000676 seconds.
Begin MonoManager ReloadAssembly
Native extension for WindowsStandalone target not found
Native extension for WebGL target not found
Refreshing native plugins compatible for Editor in 0.18 ms, found 0 plugins.
Preloading 0 native plugins for Editor in 0.00 ms.
Mono: successfully reloaded assembly
- Completed reload, in  0.604 seconds
Platform modules already initialized, skipping
Refreshing native plugins compatible for Editor in 0.18 ms, found 0 plugins.
Preloading 0 native plugins for Editor in 0.00 ms.
Unloading 1118 Unused Serialized files (Serialized files now loaded: 0)
System memory in use before: 58.2 MB.
System memory in use after: 58.3 MB.

Unloading 5 unused Assets to reduce memory usage. Loaded Objects now: 1611.
Total: 4.442800 ms (FindLiveObjects: 0.343600 ms CreateObjectMapping: 0.117400 ms MarkObjects: 3.881200 ms  DeleteObjects: 0.096900 ms)

========================================================================
Received Import Request.
  Time since last request: 476.533410 seconds.
  path: Assets/GameState.cs
  artifactKey: Guid(9eb7ef906dc562e44a21f4d083ae7650) Importer(815301076,1909f56bfc062723c751e8b465ee728b)
Start importing Assets/GameState.cs using Guid(9eb7ef906dc562e44a21f4d083ae7650) Importer(815301076,1909f56bfc062723c751e8b465ee728b)  -> (artifact id: '64e4849f864d267655f09e677d501eec') in 0.013927 seconds
  Import took 0.018213 seconds .

========================================================================
Received Prepare
Registering precompiled user dll's ...
Registered in 0.000769 seconds.
Begin MonoManager ReloadAssembly
Native extension for WindowsStandalone target not found
Native extension for WebGL target not found
Refreshing native plugins compatible for Editor in 0.30 ms, found 0 plugins.
Preloading 0 native plugins for Editor in 0.00 ms.
Mono: successfully reloaded assembly
- Completed reload, in  0.605 seconds
Platform modules already initialized, skipping
Refreshing native plugins compatible for Editor in 0.17 ms, found 0 plugins.
Preloading 0 native plugins for Editor in 0.00 ms.
Unloading 1118 Unused Serialized files (Serialized files now loaded: 0)
System memory in use before: 58.2 MB.
System memory in use after: 58.3 MB.

Unloading 5 unused Assets to reduce memory usage. Loaded Objects now: 1614.
Total: 1.298900 ms (FindLiveObjects: 0.110100 ms CreateObjectMapping: 0.029700 ms MarkObjects: 1.120000 ms  DeleteObjects: 0.038200 ms)

========================================================================
Received Prepare
Registering precompiled user dll's ...
Registered in 0.000888 seconds.
Begin MonoManager ReloadAssembly
Native extension for WindowsStandalone target not found
Native extension for WebGL target not found
Refreshing native plugins compatible for Editor in 0.18 ms, found 0 plugins.
Preloading 0 native plugins for Editor in 0.00 ms.
Mono: successfully reloaded assembly
- Completed reload, in  0.612 seconds
Platform modules already initialized, skipping
Refreshing native plugins compatible for Editor in 0.20 ms, found 0 plugins.
Preloading 0 native plugins for Editor in 0.00 ms.
Unloading 1118 Unused Serialized files (Serialized files now loaded: 0)
System memory in use before: 58.2 MB.
System memory in use after: 58.3 MB.

Unloading 5 unused Assets to reduce memory usage. Loaded Objects now: 1617.
Total: 1.338700 ms (FindLiveObjects: 0.113000 ms CreateObjectMapping: 0.026300 ms MarkObjects: 1.124100 ms  DeleteObjects: 0.074400 ms)

========================================================================
Received Prepare
Registering precompiled user dll's ...
Registered in 0.000853 seconds.
Begin MonoManager ReloadAssembly
Native extension for WindowsStandalone target not found
Native extension for WebGL target not found
Refreshing native plugins compatible for Editor in 0.17 ms, found 0 plugins.
Preloading 0 native plugins for Editor in 0.00 ms.
Mono: successfully reloaded assembly
- Completed reload, in  0.622 seconds
Platform modules already initialized, skipping
Refreshing native plugins compatible for Editor in 0.18 ms, found 0 plugins.
Preloading 0 native plugins for Editor in 0.00 ms.
Unloading 1118 Unused Serialized files (Serialized files now loaded: 0)
System memory in use before: 58.2 MB.
System memory in use after: 58.3 MB.

Unloading 5 unused Assets to reduce memory usage. Loaded Objects now: 1620.
Total: 3.661000 ms (FindLiveObjects: 0.265400 ms CreateObjectMapping: 0.087700 ms MarkObjects: 3.199100 ms  DeleteObjects: 0.105800 ms)

========================================================================
Received Prepare
Registering precompiled user dll's ...
Registered in 0.000821 seconds.
Begin MonoManager ReloadAssembly
Native extension for WindowsStandalone target not found
Native extension for WebGL target not found
Refreshing native plugins compatible for Editor in 0.17 ms, found 0 plugins.
Preloading 0 native plugins for Editor in 0.00 ms.
Mono: successfully reloaded assembly
- Completed reload, in  0.598 seconds
Platform modules already initialized, skipping
Refreshing native plugins compatible for Editor in 0.20 ms, found 0 plugins.
Preloading 0 native plugins for Editor in 0.00 ms.
Unloading 1118 Unused Serialized files (Serialized files now loaded: 0)
System memory in use before: 58.2 MB.
System memory in use after: 58.3 MB.

Unloading 5 unused Assets to reduce memory usage. Loaded Objects now: 1623.
Total: 4.967200 ms (FindLiveObjects: 0.355100 ms CreateObjectMapping: 0.117800 ms MarkObjects: 4.370300 ms  DeleteObjects: 0.121300 ms)

========================================================================
Received Prepare
Registering precompiled user dll's ...
Registered in 0.000845 seconds.
Begin MonoManager ReloadAssembly
Native extension for WindowsStandalone target not found
Native extension for WebGL target not found
Refreshing native plugins compatible for Editor in 0.36 ms, found 0 plugins.
Preloading 0 native plugins for Editor in 0.00 ms.
Mono: successfully reloaded assembly
- Completed reload, in  0.663 seconds
Platform modules already initialized, skipping
Refreshing native plugins compatible for Editor in 0.24 ms, found 0 plugins.
Preloading 0 native plugins for Editor in 0.00 ms.
Unloading 1479 Unused Serialized files (Serialized files now loaded: 0)
System memory in use before: 72.9 MB.
System memory in use after: 70.9 MB.

Unloading 28 unused Assets to reduce memory usage. Loaded Objects now: 1965.
Total: 2.948600 ms (FindLiveObjects: 0.155700 ms CreateObjectMapping: 0.048100 ms MarkObjects: 1.466600 ms  DeleteObjects: 1.277400 ms)

========================================================================
Received Prepare
Registering precompiled user dll's ...
Registered in 0.000883 seconds.
Begin MonoManager ReloadAssembly
Native extension for WindowsStandalone target not found
Native extension for WebGL target not found
Refreshing native plugins compatible for Editor in 0.22 ms, found 0 plugins.
Preloading 0 native plugins for Editor in 0.00 ms.
Mono: successfully reloaded assembly
- Completed reload, in  0.870 seconds
Platform modules already initialized, skipping
Refreshing native plugins compatible for Editor in 0.25 ms, found 0 plugins.
Preloading 0 native plugins for Editor in 0.00 ms.
Unloading 1478 Unused Serialized files (Serialized files now loaded: 0)
System memory in use before: 72.8 MB.
System memory in use after: 70.8 MB.

Unloading 28 unused Assets to reduce memory usage. Loaded Objects now: 1968.
Total: 2.790100 ms (FindLiveObjects: 0.178000 ms CreateObjectMapping: 0.051500 ms MarkObjects: 1.323500 ms  DeleteObjects: 1.235800 ms)

========================================================================
Received Prepare
Registering precompiled user dll's ...
Registered in 0.000717 seconds.
Begin MonoManager ReloadAssembly
Native extension for WindowsStandalone target not found
Native extension for WebGL target not found
Refreshing native plugins compatible for Editor in 0.22 ms, found 0 plugins.
Preloading 0 native plugins for Editor in 0.00 ms.
Mono: successfully reloaded assembly
- Completed reload, in  0.641 seconds
Platform modules already initialized, skipping
Refreshing native plugins compatible for Editor in 0.22 ms, found 0 plugins.
Preloading 0 native plugins for Editor in 0.00 ms.
Unloading 1478 Unused Serialized files (Serialized files now loaded: 0)
System memory in use before: 72.9 MB.
System memory in use after: 70.9 MB.

Unloading 28 unused Assets to reduce memory usage. Loaded Objects now: 1971.
Total: 7.301000 ms (FindLiveObjects: 0.348700 ms CreateObjectMapping: 0.137400 ms MarkObjects: 3.614000 ms  DeleteObjects: 3.198600 ms)

========================================================================
Received Prepare
Registering precompiled user dll's ...
Registered in 0.000936 seconds.
Begin MonoManager ReloadAssembly
Native extension for WindowsStandalone target not found
Native extension for WebGL target not found
Refreshing native plugins compatible for Editor in 0.22 ms, found 0 plugins.
Preloading 0 native plugins for Editor in 0.00 ms.
Mono: successfully reloaded assembly
- Completed reload, in  0.641 seconds
Platform modules already initialized, skipping
Refreshing native plugins compatible for Editor in 0.23 ms, found 0 plugins.
Preloading 0 native plugins for Editor in 0.00 ms.
Unloading 1478 Unused Serialized files (Serialized files now loaded: 0)
System memory in use before: 72.8 MB.
System memory in use after: 70.9 MB.

Unloading 28 unused Assets to reduce memory usage. Loaded Objects now: 1974.
Total: 9.495600 ms (FindLiveObjects: 0.403300 ms CreateObjectMapping: 0.169600 ms MarkObjects: 4.243700 ms  DeleteObjects: 4.675800 ms)

========================================================================
Received Prepare
Registering precompiled user dll's ...
Registered in 0.000879 seconds.
Begin MonoManager ReloadAssembly
Native extension for WindowsStandalone target not found
Native extension for WebGL target not found
Refreshing native plugins compatible for Editor in 0.22 ms, found 0 plugins.
Preloading 0 native plugins for Editor in 0.00 ms.
Mono: successfully reloaded assembly
- Completed reload, in  0.624 seconds
Platform modules already initialized, skipping
Refreshing native plugins compatible for Editor in 0.23 ms, found 0 plugins.
Preloading 0 native plugins for Editor in 0.00 ms.
Unloading 1478 Unused Serialized files (Serialized files now loaded: 0)
System memory in use before: 73.0 MB.
System memory in use after: 70.9 MB.

Unloading 28 unused Assets to reduce memory usage. Loaded Objects now: 1977.
Total: 2.760800 ms (FindLiveObjects: 0.161400 ms CreateObjectMapping: 0.043100 ms MarkObjects: 1.209800 ms  DeleteObjects: 1.345600 ms)

========================================================================
Received Prepare
Registering precompiled user dll's ...
Registered in 0.000676 seconds.
Begin MonoManager ReloadAssembly
Native extension for WindowsStandalone target not found
Native extension for WebGL target not found
Refreshing native plugins compatible for Editor in 0.22 ms, found 0 plugins.
Preloading 0 native plugins for Editor in 0.00 ms.
Mono: successfully reloaded assembly
- Completed reload, in  0.643 seconds
Platform modules already initialized, skipping
Refreshing native plugins compatible for Editor in 0.23 ms, found 0 plugins.
Preloading 0 native plugins for Editor in 0.00 ms.
Unloading 1478 Unused Serialized files (Serialized files now loaded: 0)
System memory in use before: 72.9 MB.
System memory in use after: 70.9 MB.

Unloading 28 unused Assets to reduce memory usage. Loaded Objects now: 1980.
Total: 2.520400 ms (FindLiveObjects: 0.122200 ms CreateObjectMapping: 0.034900 ms MarkObjects: 1.145400 ms  DeleteObjects: 1.217300 ms)

========================================================================
Received Import Request.
  Time since last request: 3559.417457 seconds.
  path: Assets/PlayerMoveController.cs
  artifactKey: Guid(62e4b7eb2866ebe44bab5942f65b2752) Importer(815301076,1909f56bfc062723c751e8b465ee728b)
Start importing Assets/PlayerMoveController.cs using Guid(62e4b7eb2866ebe44bab5942f65b2752) Importer(815301076,1909f56bfc062723c751e8b465ee728b)  -> (artifact id: '88cb9a8b8d97cbf91db1241ea508bf5b') in 0.005447 seconds
  Import took 0.007149 seconds .

========================================================================
Received Prepare
Registering precompiled user dll's ...
Registered in 0.000839 seconds.
Begin MonoManager ReloadAssembly
Native extension for WindowsStandalone target not found
Native extension for WebGL target not found
Refreshing native plugins compatible for Editor in 0.22 ms, found 0 plugins.
Preloading 0 native plugins for Editor in 0.00 ms.
Mono: successfully reloaded assembly
- Completed reload, in  0.637 seconds
Platform modules already initialized, skipping
Refreshing native plugins compatible for Editor in 0.23 ms, found 0 plugins.
Preloading 0 native plugins for Editor in 0.00 ms.
Unloading 1478 Unused Serialized files (Serialized files now loaded: 0)
System memory in use before: 72.9 MB.
System memory in use after: 70.9 MB.

Unloading 28 unused Assets to reduce memory usage. Loaded Objects now: 1983.
Total: 7.531200 ms (FindLiveObjects: 0.331300 ms CreateObjectMapping: 0.130500 ms MarkObjects: 3.473400 ms  DeleteObjects: 3.593900 ms)

========================================================================
Received Prepare
Registering precompiled user dll's ...
Registered in 0.000822 seconds.
Begin MonoManager ReloadAssembly
Native extension for WindowsStandalone target not found
Native extension for WebGL target not found
Refreshing native plugins compatible for Editor in 0.22 ms, found 0 plugins.
Preloading 0 native plugins for Editor in 0.00 ms.
Mono: successfully reloaded assembly
- Completed reload, in  0.614 seconds
Platform modules already initialized, skipping
Refreshing native plugins compatible for Editor in 0.23 ms, found 0 plugins.
Preloading 0 native plugins for Editor in 0.00 ms.
Unloading 1478 Unused Serialized files (Serialized files now loaded: 0)
System memory in use before: 72.9 MB.
System memory in use after: 70.9 MB.

Unloading 28 unused Assets to reduce memory usage. Loaded Objects now: 1986.
Total: 2.565900 ms (FindLiveObjects: 0.124000 ms CreateObjectMapping: 0.037400 ms MarkObjects: 1.183400 ms  DeleteObjects: 1.220400 ms)

========================================================================
Received Prepare
Registering precompiled user dll's ...
Registered in 0.000870 seconds.
Begin MonoManager ReloadAssembly
Native extension for WindowsStandalone target not found
Native extension for WebGL target not found
Refreshing native plugins compatible for Editor in 0.23 ms, found 0 plugins.
Preloading 0 native plugins for Editor in 0.00 ms.
Mono: successfully reloaded assembly
- Completed reload, in  0.647 seconds
Platform modules already initialized, skipping
Refreshing native plugins compatible for Editor in 0.23 ms, found 0 plugins.
Preloading 0 native plugins for Editor in 0.00 ms.
Unloading 1478 Unused Serialized files (Serialized files now loaded: 0)
System memory in use before: 72.9 MB.
System memory in use after: 70.9 MB.

Unloading 28 unused Assets to reduce memory usage. Loaded Objects now: 1989.
Total: 2.745700 ms (FindLiveObjects: 0.131400 ms CreateObjectMapping: 0.042200 ms MarkObjects: 1.284600 ms  DeleteObjects: 1.287000 ms)

========================================================================
Received Prepare
Registering precompiled user dll's ...
Registered in 0.000906 seconds.
Begin MonoManager ReloadAssembly
Native extension for WindowsStandalone target not found
Native extension for WebGL target not found
Refreshing native plugins compatible for Editor in 0.22 ms, found 0 plugins.
Preloading 0 native plugins for Editor in 0.00 ms.
Mono: successfully reloaded assembly
- Completed reload, in  0.629 seconds
Platform modules already initialized, skipping
Refreshing native plugins compatible for Editor in 0.22 ms, found 0 plugins.
Preloading 0 native plugins for Editor in 0.00 ms.
Unloading 1478 Unused Serialized files (Serialized files now loaded: 0)
System memory in use before: 72.9 MB.
System memory in use after: 71.0 MB.

Unloading 28 unused Assets to reduce memory usage. Loaded Objects now: 1992.
Total: 2.583300 ms (FindLiveObjects: 0.140000 ms CreateObjectMapping: 0.045100 ms MarkObjects: 1.185400 ms  DeleteObjects: 1.211900 ms)

========================================================================
Received Import Request.
  Time since last request: 224.569255 seconds.
  path: Assets/TimeKeeper.cs
  artifactKey: Guid(d78025c626820644a96ba05b1beb4b26) Importer(815301076,1909f56bfc062723c751e8b465ee728b)
Start importing Assets/TimeKeeper.cs using Guid(d78025c626820644a96ba05b1beb4b26) Importer(815301076,1909f56bfc062723c751e8b465ee728b)  -> (artifact id: 'd971909b7983d531c98c58014fa7156b') in 0.005812 seconds
  Import took 0.007736 seconds .

========================================================================
Received Import Request.
  Time since last request: 0.019824 seconds.
  path: Assets/TimeKeeper.cs
  artifactKey: Guid(d78025c626820644a96ba05b1beb4b26) Importer(815301076,1909f56bfc062723c751e8b465ee728b)
Start importing Assets/TimeKeeper.cs using Guid(d78025c626820644a96ba05b1beb4b26) Importer(815301076,1909f56bfc062723c751e8b465ee728b)  -> (artifact id: 'd971909b7983d531c98c58014fa7156b') in 0.004488 seconds
  Import took 0.006745 seconds .

========================================================================
Received Prepare
Registering precompiled user dll's ...
Registered in 0.000870 seconds.
Begin MonoManager ReloadAssembly
Native extension for WindowsStandalone target not found
Native extension for WebGL target not found
Refreshing native plugins compatible for Editor in 0.22 ms, found 0 plugins.
Preloading 0 native plugins for Editor in 0.00 ms.
Mono: successfully reloaded assembly
- Completed reload, in  0.632 seconds
Platform modules already initialized, skipping
Refreshing native plugins compatible for Editor in 0.23 ms, found 0 plugins.
Preloading 0 native plugins for Editor in 0.00 ms.
Unloading 1478 Unused Serialized files (Serialized files now loaded: 0)
System memory in use before: 72.9 MB.
System memory in use after: 70.9 MB.

Unloading 28 unused Assets to reduce memory usage. Loaded Objects now: 1995.
Total: 2.546400 ms (FindLiveObjects: 0.118000 ms CreateObjectMapping: 0.035200 ms MarkObjects: 1.177400 ms  DeleteObjects: 1.215300 ms)

========================================================================
Received Prepare
Registering precompiled user dll's ...
Registered in 0.000842 seconds.
Begin MonoManager ReloadAssembly
Native extension for WindowsStandalone target not found
Native extension for WebGL target not found
Refreshing native plugins compatible for Editor in 0.22 ms, found 0 plugins.
Preloading 0 native plugins for Editor in 0.00 ms.
Mono: successfully reloaded assembly
- Completed reload, in  0.623 seconds
Platform modules already initialized, skipping
Refreshing native plugins compatible for Editor in 0.23 ms, found 0 plugins.
Preloading 0 native plugins for Editor in 0.00 ms.
Unloading 1478 Unused Serialized files (Serialized files now loaded: 0)
System memory in use before: 72.9 MB.
System memory in use after: 70.9 MB.

Unloading 28 unused Assets to reduce memory usage. Loaded Objects now: 1998.
Total: 8.180300 ms (FindLiveObjects: 0.397600 ms CreateObjectMapping: 0.164100 ms MarkObjects: 4.012400 ms  DeleteObjects: 3.604200 ms)

========================================================================
Received Prepare
Registering precompiled user dll's ...
Registered in 0.000896 seconds.
Begin MonoManager ReloadAssembly
Native extension for WindowsStandalone target not found
Native extension for WebGL target not found
Refreshing native plugins compatible for Editor in 0.22 ms, found 0 plugins.
Preloading 0 native plugins for Editor in 0.00 ms.
Mono: successfully reloaded assembly
- Completed reload, in  0.627 seconds
Platform modules already initialized, skipping
Refreshing native plugins compatible for Editor in 0.23 ms, found 0 plugins.
Preloading 0 native plugins for Editor in 0.00 ms.
Unloading 1478 Unused Serialized files (Serialized files now loaded: 0)
System memory in use before: 72.9 MB.
System memory in use after: 70.9 MB.

Unloading 28 unused Assets to reduce memory usage. Loaded Objects now: 2001.
Total: 8.290400 ms (FindLiveObjects: 0.405400 ms CreateObjectMapping: 0.163900 ms MarkObjects: 4.177500 ms  DeleteObjects: 3.541300 ms)

========================================================================
Received Import Request.
  Time since last request: 218.808478 seconds.
  path: Assets/PlayerPickUpItemManager.cs
  artifactKey: Guid(dbececbacb5245849bf8082b577c5ace) Importer(815301076,1909f56bfc062723c751e8b465ee728b)
Start importing Assets/PlayerPickUpItemManager.cs using Guid(dbececbacb5245849bf8082b577c5ace) Importer(815301076,1909f56bfc062723c751e8b465ee728b)  -> (artifact id: '53de2e0f6279a81a32c0adc39f217c19') in 0.011459 seconds
  Import took 0.015899 seconds .

========================================================================
Received Prepare
Registering precompiled user dll's ...
Registered in 0.000973 seconds.
Begin MonoManager ReloadAssembly
Native extension for WindowsStandalone target not found
Native extension for WebGL target not found
Refreshing native plugins compatible for Editor in 0.28 ms, found 0 plugins.
Preloading 0 native plugins for Editor in 0.00 ms.
Mono: successfully reloaded assembly
- Completed reload, in  0.644 seconds
Platform modules already initialized, skipping
Refreshing native plugins compatible for Editor in 0.22 ms, found 0 plugins.
Preloading 0 native plugins for Editor in 0.00 ms.
Unloading 1478 Unused Serialized files (Serialized files now loaded: 0)
System memory in use before: 72.9 MB.
System memory in use after: 70.9 MB.

Unloading 28 unused Assets to reduce memory usage. Loaded Objects now: 2004.
Total: 2.541000 ms (FindLiveObjects: 0.118300 ms CreateObjectMapping: 0.036200 ms MarkObjects: 1.174700 ms  DeleteObjects: 1.211300 ms)

========================================================================
Received Prepare
Registering precompiled user dll's ...
Registered in 0.000893 seconds.
Begin MonoManager ReloadAssembly
Native extension for WindowsStandalone target not found
Native extension for WebGL target not found
Refreshing native plugins compatible for Editor in 0.22 ms, found 0 plugins.
Preloading 0 native plugins for Editor in 0.00 ms.
Mono: successfully reloaded assembly
- Completed reload, in  0.634 seconds
Platform modules already initialized, skipping
Refreshing native plugins compatible for Editor in 0.24 ms, found 0 plugins.
Preloading 0 native plugins for Editor in 0.00 ms.
Unloading 1478 Unused Serialized files (Serialized files now loaded: 0)
System memory in use before: 73.0 MB.
System memory in use after: 71.0 MB.

Unloading 28 unused Assets to reduce memory usage. Loaded Objects now: 2007.
Total: 8.393500 ms (FindLiveObjects: 0.413300 ms CreateObjectMapping: 0.198000 ms MarkObjects: 4.184200 ms  DeleteObjects: 3.594400 ms)

========================================================================
Received Prepare
Registering precompiled user dll's ...
Registered in 0.000844 seconds.
Begin MonoManager ReloadAssembly
Native extension for WindowsStandalone target not found
Native extension for WebGL target not found
Refreshing native plugins compatible for Editor in 0.23 ms, found 0 plugins.
Preloading 0 native plugins for Editor in 0.00 ms.
Mono: successfully reloaded assembly
- Completed reload, in  0.743 seconds
Platform modules already initialized, skipping
Refreshing native plugins compatible for Editor in 0.29 ms, found 0 plugins.
Preloading 0 native plugins for Editor in 0.00 ms.
Unloading 1479 Unused Serialized files (Serialized files now loaded: 0)
System memory in use before: 73.0 MB.
System memory in use after: 71.0 MB.

Unloading 28 unused Assets to reduce memory usage. Loaded Objects now: 2011.
Total: 2.801500 ms (FindLiveObjects: 0.142300 ms CreateObjectMapping: 0.040000 ms MarkObjects: 1.342200 ms  DeleteObjects: 1.276100 ms)

========================================================================
Received Import Request.
  Time since last request: 577.147066 seconds.
  path: Assets/ChangeDirectionOfForce.cs
  artifactKey: Guid(d62c47706f9efeb468d09157eba8a61d) Importer(815301076,1909f56bfc062723c751e8b465ee728b)
Start importing Assets/ChangeDirectionOfForce.cs using Guid(d62c47706f9efeb468d09157eba8a61d) Importer(815301076,1909f56bfc062723c751e8b465ee728b)  -> (artifact id: 'a68bea90e3941929ecc11ff6d91759da') in 0.005149 seconds
  Import took 0.007025 seconds .

========================================================================
Received Prepare
Registering precompiled user dll's ...
Registered in 0.000819 seconds.
Begin MonoManager ReloadAssembly
Native extension for WindowsStandalone target not found
Native extension for WebGL target not found
Refreshing native plugins compatible for Editor in 0.27 ms, found 0 plugins.
Preloading 0 native plugins for Editor in 0.00 ms.
Mono: successfully reloaded assembly
- Completed reload, in  0.642 seconds
Platform modules already initialized, skipping
Refreshing native plugins compatible for Editor in 0.23 ms, found 0 plugins.
Preloading 0 native plugins for Editor in 0.00 ms.
Unloading 1479 Unused Serialized files (Serialized files now loaded: 0)
System memory in use before: 73.0 MB.
System memory in use after: 71.0 MB.

Unloading 28 unused Assets to reduce memory usage. Loaded Objects now: 2014.
Total: 2.615500 ms (FindLiveObjects: 0.145600 ms CreateObjectMapping: 0.046900 ms MarkObjects: 1.178100 ms  DeleteObjects: 1.244200 ms)

========================================================================
Received Prepare
Registering precompiled user dll's ...
Registered in 0.001086 seconds.
Begin MonoManager ReloadAssembly
Native extension for WindowsStandalone target not found
Native extension for WebGL target not found
Refreshing native plugins compatible for Editor in 0.29 ms, found 0 plugins.
Preloading 0 native plugins for Editor in 0.00 ms.
Mono: successfully reloaded assembly
- Completed reload, in  0.642 seconds
Platform modules already initialized, skipping
Refreshing native plugins compatible for Editor in 0.23 ms, found 0 plugins.
Preloading 0 native plugins for Editor in 0.00 ms.
Unloading 1479 Unused Serialized files (Serialized files now loaded: 0)
System memory in use before: 73.0 MB.
System memory in use after: 71.0 MB.

Unloading 28 unused Assets to reduce memory usage. Loaded Objects now: 2017.
Total: 2.583700 ms (FindLiveObjects: 0.120800 ms CreateObjectMapping: 0.035000 ms MarkObjects: 1.195700 ms  DeleteObjects: 1.231500 ms)

========================================================================
Received Import Request.
  Time since last request: 340.991864 seconds.
  path: Assets/ChangeDirectionOfForce.cs
  artifactKey: Guid(d62c47706f9efeb468d09157eba8a61d) Importer(815301076,1909f56bfc062723c751e8b465ee728b)
Start importing Assets/ChangeDirectionOfForce.cs using Guid(d62c47706f9efeb468d09157eba8a61d) Importer(815301076,1909f56bfc062723c751e8b465ee728b)  -> (artifact id: '210cabf03f164522a494e451f2f4cd55') in 0.005282 seconds
  Import took 0.007030 seconds .

========================================================================
Received Prepare
Registering precompiled user dll's ...
Registered in 0.000941 seconds.
Begin MonoManager ReloadAssembly
Native extension for WindowsStandalone target not found
Native extension for WebGL target not found
Refreshing native plugins compatible for Editor in 0.25 ms, found 0 plugins.
Preloading 0 native plugins for Editor in 0.00 ms.
Mono: successfully reloaded assembly
- Completed reload, in  0.639 seconds
Platform modules already initialized, skipping
Refreshing native plugins compatible for Editor in 0.25 ms, found 0 plugins.
Preloading 0 native plugins for Editor in 0.00 ms.
Unloading 1479 Unused Serialized files (Serialized files now loaded: 0)
System memory in use before: 72.9 MB.
System memory in use after: 71.0 MB.

Unloading 28 unused Assets to reduce memory usage. Loaded Objects now: 2020.
Total: 2.663400 ms (FindLiveObjects: 0.145500 ms CreateObjectMapping: 0.042200 ms MarkObjects: 1.239600 ms  DeleteObjects: 1.235200 ms)

========================================================================
Received Prepare
Registering precompiled user dll's ...
Registered in 0.001302 seconds.
Begin MonoManager ReloadAssembly
Native extension for WindowsStandalone target not found
Native extension for WebGL target not found
Refreshing native plugins compatible for Editor in 0.22 ms, found 0 plugins.
Preloading 0 native plugins for Editor in 0.00 ms.
Mono: successfully reloaded assembly
- Completed reload, in  0.698 seconds
Platform modules already initialized, skipping
Refreshing native plugins compatible for Editor in 0.23 ms, found 0 plugins.
Preloading 0 native plugins for Editor in 0.00 ms.
Unloading 1479 Unused Serialized files (Serialized files now loaded: 0)
System memory in use before: 73.0 MB.
System memory in use after: 71.0 MB.

Unloading 28 unused Assets to reduce memory usage. Loaded Objects now: 2023.
Total: 3.082100 ms (FindLiveObjects: 0.158000 ms CreateObjectMapping: 0.043200 ms MarkObjects: 1.581100 ms  DeleteObjects: 1.298700 ms)

========================================================================
Received Prepare
Registering precompiled user dll's ...
Registered in 0.001334 seconds.
Begin MonoManager ReloadAssembly
Native extension for WindowsStandalone target not found
Native extension for WebGL target not found
Refreshing native plugins compatible for Editor in 0.22 ms, found 0 plugins.
Preloading 0 native plugins for Editor in 0.00 ms.
Mono: successfully reloaded assembly
- Completed reload, in  0.626 seconds
Platform modules already initialized, skipping
Refreshing native plugins compatible for Editor in 0.24 ms, found 0 plugins.
Preloading 0 native plugins for Editor in 0.00 ms.
Unloading 1479 Unused Serialized files (Serialized files now loaded: 0)
System memory in use before: 73.0 MB.
System memory in use after: 71.1 MB.

Unloading 28 unused Assets to reduce memory usage. Loaded Objects now: 2026.
Total: 3.264200 ms (FindLiveObjects: 0.171100 ms CreateObjectMapping: 0.098300 ms MarkObjects: 1.693800 ms  DeleteObjects: 1.300100 ms)

========================================================================
Received Prepare
Registering precompiled user dll's ...
Registered in 0.000808 seconds.
Begin MonoManager ReloadAssembly
Native extension for WindowsStandalone target not found
Native extension for WebGL target not found
Refreshing native plugins compatible for Editor in 0.23 ms, found 0 plugins.
Preloading 0 native plugins for Editor in 0.00 ms.
Mono: successfully reloaded assembly
- Completed reload, in  0.649 seconds
Platform modules already initialized, skipping
Refreshing native plugins compatible for Editor in 0.23 ms, found 0 plugins.
Preloading 0 native plugins for Editor in 0.00 ms.
Unloading 1479 Unused Serialized files (Serialized files now loaded: 0)
System memory in use before: 73.0 MB.
System memory in use after: 71.0 MB.

Unloading 28 unused Assets to reduce memory usage. Loaded Objects now: 2029.
Total: 6.409000 ms (FindLiveObjects: 0.338000 ms CreateObjectMapping: 0.128800 ms MarkObjects: 2.993200 ms  DeleteObjects: 2.946700 ms)

========================================================================
Received Import Request.
  Time since last request: 1553.793128 seconds.
  path: Assets/PickUpItemSpawner.cs
  artifactKey: Guid(272df6ce7fd8663469ae6abc0a4e158f) Importer(815301076,1909f56bfc062723c751e8b465ee728b)
Start importing Assets/PickUpItemSpawner.cs using Guid(272df6ce7fd8663469ae6abc0a4e158f) Importer(815301076,1909f56bfc062723c751e8b465ee728b)  -> (artifact id: '3997a3447bc37ba130db239347aa3079') in 0.011992 seconds
  Import took 0.016792 seconds .

========================================================================
Received Prepare
Registering precompiled user dll's ...
Registered in 0.000871 seconds.
Begin MonoManager ReloadAssembly
Native extension for WindowsStandalone target not found
Native extension for WebGL target not found
Refreshing native plugins compatible for Editor in 0.22 ms, found 0 plugins.
Preloading 0 native plugins for Editor in 0.00 ms.
Mono: successfully reloaded assembly
- Completed reload, in  0.617 seconds
Platform modules already initialized, skipping
Refreshing native plugins compatible for Editor in 0.23 ms, found 0 plugins.
Preloading 0 native plugins for Editor in 0.00 ms.
Unloading 1479 Unused Serialized files (Serialized files now loaded: 0)
System memory in use before: 73.0 MB.
System memory in use after: 71.0 MB.

Unloading 28 unused Assets to reduce memory usage. Loaded Objects now: 2032.
Total: 6.873800 ms (FindLiveObjects: 0.335400 ms CreateObjectMapping: 0.131700 ms MarkObjects: 3.451400 ms  DeleteObjects: 2.952700 ms)

========================================================================
Received Prepare
Registering precompiled user dll's ...
Registered in 0.000812 seconds.
Begin MonoManager ReloadAssembly
Native extension for WindowsStandalone target not found
Native extension for WebGL target not found
Refreshing native plugins compatible for Editor in 0.22 ms, found 0 plugins.
Preloading 0 native plugins for Editor in 0.00 ms.
Mono: successfully reloaded assembly
- Completed reload, in  0.623 seconds
Platform modules already initialized, skipping
Refreshing native plugins compatible for Editor in 0.23 ms, found 0 plugins.
Preloading 0 native plugins for Editor in 0.00 ms.
Unloading 1479 Unused Serialized files (Serialized files now loaded: 0)
System memory in use before: 73.1 MB.
System memory in use after: 71.1 MB.

Unloading 28 unused Assets to reduce memory usage. Loaded Objects now: 2035.
Total: 6.525100 ms (FindLiveObjects: 0.343600 ms CreateObjectMapping: 0.138200 ms MarkObjects: 3.092500 ms  DeleteObjects: 2.948800 ms)

AssetImportWorkerClient::OnTransportError - code=2 error=End of file
